2022-09-12 08:26:36,918 [INFO] Activator:177 - 


2022-09-12 08:26:36,919 [INFO] Activator:178 - !SESSION log4j initialized
2022-09-12 08:26:52,853 [INFO] McuFinderGlobals:39 - Set McuFinder mode to 2 (CubeIDE integrated)
2022-09-12 08:26:53,034 [INFO] ApplicationProperties:181 - Using Application install path: D:\Apps\STM32CubeIDE_1.7.0\STM32CubeIDE\plugins\com.st.stm32cube.common.mx_6.3.0.202107141111
2022-09-12 08:26:53,045 [INFO] DbMcusXml:74 - Set database path to: D:\Apps\STM32CubeIDE_1.7.0\STM32CubeIDE\plugins\com.st.stm32cube.common.mx_6.3.0.202107141111\\db\/mcu/
2022-09-12 08:26:53,049 [INFO] DbBoardsPdsc:56 - Set plugin database path to: D:\Apps\STM32CubeIDE_1.7.0\STM32CubeIDE\plugins\com.st.stm32cube.common.mx_6.3.0.202107141111\\db\/plugins/boardmanager/
2022-09-12 08:26:53,049 [INFO] DbMcus:258 - Set plugin images path to: D:\Apps\STM32CubeIDE_1.7.0\STM32CubeIDE\plugins\com.st.stm32cube.common.mx_6.3.0.202107141111\\db\/plugins/mcufinder/images/
2022-09-12 08:26:53,049 [INFO] DbBoards:264 - Set plugin images path to: D:\Apps\STM32CubeIDE_1.7.0\STM32CubeIDE\plugins\com.st.stm32cube.common.mx_6.3.0.202107141111\\db\/plugins/mcufinder/images/
2022-09-12 08:26:53,051 [INFO] DbExamples:333 - Set plugin images path to: D:\Apps\STM32CubeIDE_1.7.0\STM32CubeIDE\plugins\com.st.stm32cube.common.mx_6.3.0.202107141111\\db\/plugins/mcufinder/images/
2022-09-12 08:26:53,054 [INFO] DbMcusAds:119 - Set database path to: C:\Users\lephu\.stmcufinder\plugins\mcufinder//mcu/
2022-09-12 08:26:53,054 [INFO] DbMcusDocs:110 - Set database path to: C:\Users\lephu\.stmcufinder\plugins\mcufinder//mcu/
2022-09-12 08:26:53,056 [INFO] DbMcusJson:64 - Set database path to: C:\Users\lephu\.stmcufinder\plugins\mcufinder//mcu/
2022-09-12 08:26:53,057 [INFO] DbBoardsDocs:110 - Set database path to: C:\Users\lephu\.stmcufinder\plugins\mcufinder//mcu/
2022-09-12 08:26:53,057 [INFO] DbBoardsJson:57 - Set database path to: C:\Users\lephu\.stmcufinder\plugins\mcufinder//mcu/
2022-09-12 08:26:53,069 [INFO] CrossReferenceDbSqlite:196 - Set database path to: C:\Users\lephu\.stmcufinder\plugins\mcufinder//mcu/cs/
2022-09-12 08:26:53,072 [INFO] DbExamplesSqlite:767 - Set database path to: C:\Users\lephu\.stmcufinder\plugins\mcufinder//mcu/
2022-09-12 08:26:53,137 [INFO] RulesReader:57 - Compatibility file has been processed (242 Rules)
2022-09-12 08:26:53,200 [INFO] DbMcusXml:74 - Set database path to: D:\Apps\STM32CubeIDE_1.7.0\STM32CubeIDE\plugins\com.st.stm32cube.common.mx_6.3.0.202107141111\\db\/mcu/
2022-09-12 08:26:53,200 [INFO] DbBoardsPdsc:56 - Set plugin database path to: D:\Apps\STM32CubeIDE_1.7.0\STM32CubeIDE\plugins\com.st.stm32cube.common.mx_6.3.0.202107141111\\db\/plugins/boardmanager/
2022-09-12 08:26:53,200 [INFO] DbMcus:258 - Set plugin images path to: D:\Apps\STM32CubeIDE_1.7.0\STM32CubeIDE\plugins\com.st.stm32cube.common.mx_6.3.0.202107141111\\db\/plugins/mcufinder/images/
2022-09-12 08:26:53,201 [INFO] DbBoards:264 - Set plugin images path to: D:\Apps\STM32CubeIDE_1.7.0\STM32CubeIDE\plugins\com.st.stm32cube.common.mx_6.3.0.202107141111\\db\/plugins/mcufinder/images/
2022-09-12 08:26:53,201 [INFO] DbExamples:333 - Set plugin images path to: D:\Apps\STM32CubeIDE_1.7.0\STM32CubeIDE\plugins\com.st.stm32cube.common.mx_6.3.0.202107141111\\db\/plugins/mcufinder/images/
2022-09-12 08:26:53,201 [WARN] DbFile:35 - Overriding database path with different value: C:\Users\lephu\.stmcufinder\plugins\mcufinder/ => C:\Users\lephu\.stmcufinder\plugins\mcufinder
2022-09-12 08:26:53,201 [INFO] DbMcusAds:119 - Set database path to: C:\Users\lephu\.stmcufinder\plugins\mcufinder//mcu/
2022-09-12 08:26:53,201 [WARN] DbFile:35 - Overriding database path with different value: C:\Users\lephu\.stmcufinder\plugins\mcufinder/ => C:\Users\lephu\.stmcufinder\plugins\mcufinder
2022-09-12 08:26:53,201 [INFO] DbMcusDocs:110 - Set database path to: C:\Users\lephu\.stmcufinder\plugins\mcufinder//mcu/
2022-09-12 08:26:53,201 [WARN] DbFile:35 - Overriding database path with different value: C:\Users\lephu\.stmcufinder\plugins\mcufinder/ => C:\Users\lephu\.stmcufinder\plugins\mcufinder
2022-09-12 08:26:53,201 [INFO] DbMcusJson:64 - Set database path to: C:\Users\lephu\.stmcufinder\plugins\mcufinder//mcu/
2022-09-12 08:26:53,201 [WARN] DbFile:35 - Overriding database path with different value: C:\Users\lephu\.stmcufinder\plugins\mcufinder/ => C:\Users\lephu\.stmcufinder\plugins\mcufinder
2022-09-12 08:26:53,201 [INFO] DbBoardsDocs:110 - Set database path to: C:\Users\lephu\.stmcufinder\plugins\mcufinder//mcu/
2022-09-12 08:26:53,201 [WARN] DbFile:35 - Overriding database path with different value: C:\Users\lephu\.stmcufinder\plugins\mcufinder/ => C:\Users\lephu\.stmcufinder\plugins\mcufinder
2022-09-12 08:26:53,202 [INFO] DbBoardsJson:57 - Set database path to: C:\Users\lephu\.stmcufinder\plugins\mcufinder//mcu/
2022-09-12 08:26:53,202 [WARN] DbFile:35 - Overriding database path with different value: C:\Users\lephu\.stmcufinder\plugins\mcufinder/ => C:\Users\lephu\.stmcufinder\plugins\mcufinder
2022-09-12 08:26:53,202 [WARN] DbFile:35 - Overriding database path with different value: C:\Users\lephu\.stmcufinder\plugins\mcufinder/ => C:\Users\lephu\.stmcufinder\plugins\mcufinder
2022-09-12 08:26:53,202 [INFO] CrossReferenceDbSqlite:196 - Set database path to: C:\Users\lephu\.stmcufinder\plugins\mcufinder//mcu/cs/
2022-09-12 08:26:53,202 [WARN] DbFile:35 - Overriding database path with different value: C:\Users\lephu\.stmcufinder\plugins\mcufinder/ => C:\Users\lephu\.stmcufinder\plugins\mcufinder
2022-09-12 08:26:53,202 [INFO] DbExamplesSqlite:767 - Set database path to: C:\Users\lephu\.stmcufinder\plugins\mcufinder//mcu/
2022-09-12 08:26:53,251 [INFO] MainPanel:214 - HeapMemory: 268435456
2022-09-12 08:26:53,320 [INFO] DbMcusXml:74 - Set database path to: D:\Apps\STM32CubeIDE_1.7.0\STM32CubeIDE\plugins\com.st.stm32cube.common.mx_6.3.0.202107141111\\db\/mcu/
2022-09-12 08:26:53,320 [INFO] DbBoardsPdsc:56 - Set plugin database path to: D:\Apps\STM32CubeIDE_1.7.0\STM32CubeIDE\plugins\com.st.stm32cube.common.mx_6.3.0.202107141111\\db\/plugins/boardmanager/
2022-09-12 08:26:53,320 [INFO] DbMcus:258 - Set plugin images path to: D:\Apps\STM32CubeIDE_1.7.0\STM32CubeIDE\plugins\com.st.stm32cube.common.mx_6.3.0.202107141111\\db\/plugins/mcufinder/images/
2022-09-12 08:26:53,320 [INFO] DbBoards:264 - Set plugin images path to: D:\Apps\STM32CubeIDE_1.7.0\STM32CubeIDE\plugins\com.st.stm32cube.common.mx_6.3.0.202107141111\\db\/plugins/mcufinder/images/
2022-09-12 08:26:53,320 [INFO] DbExamples:333 - Set plugin images path to: D:\Apps\STM32CubeIDE_1.7.0\STM32CubeIDE\plugins\com.st.stm32cube.common.mx_6.3.0.202107141111\\db\/plugins/mcufinder/images/
2022-09-12 08:26:53,321 [WARN] DbFile:35 - Overriding database path with different value: C:\Users\lephu\.stmcufinder\plugins\mcufinder/ => C:\Users\lephu\.stmcufinder\plugins\mcufinder
2022-09-12 08:26:53,321 [INFO] DbMcusAds:119 - Set database path to: C:\Users\lephu\.stmcufinder\plugins\mcufinder//mcu/
2022-09-12 08:26:53,321 [WARN] DbFile:35 - Overriding database path with different value: C:\Users\lephu\.stmcufinder\plugins\mcufinder/ => C:\Users\lephu\.stmcufinder\plugins\mcufinder
2022-09-12 08:26:53,321 [INFO] DbMcusDocs:110 - Set database path to: C:\Users\lephu\.stmcufinder\plugins\mcufinder//mcu/
2022-09-12 08:26:53,321 [WARN] DbFile:35 - Overriding database path with different value: C:\Users\lephu\.stmcufinder\plugins\mcufinder/ => C:\Users\lephu\.stmcufinder\plugins\mcufinder
2022-09-12 08:26:53,321 [INFO] DbMcusJson:64 - Set database path to: C:\Users\lephu\.stmcufinder\plugins\mcufinder//mcu/
2022-09-12 08:26:53,321 [WARN] DbFile:35 - Overriding database path with different value: C:\Users\lephu\.stmcufinder\plugins\mcufinder/ => C:\Users\lephu\.stmcufinder\plugins\mcufinder
2022-09-12 08:26:53,321 [INFO] DbBoardsDocs:110 - Set database path to: C:\Users\lephu\.stmcufinder\plugins\mcufinder//mcu/
2022-09-12 08:26:53,321 [WARN] DbFile:35 - Overriding database path with different value: C:\Users\lephu\.stmcufinder\plugins\mcufinder/ => C:\Users\lephu\.stmcufinder\plugins\mcufinder
2022-09-12 08:26:53,322 [INFO] DbBoardsJson:57 - Set database path to: C:\Users\lephu\.stmcufinder\plugins\mcufinder//mcu/
2022-09-12 08:26:53,322 [WARN] DbFile:35 - Overriding database path with different value: C:\Users\lephu\.stmcufinder\plugins\mcufinder/ => C:\Users\lephu\.stmcufinder\plugins\mcufinder
2022-09-12 08:26:53,322 [WARN] DbFile:35 - Overriding database path with different value: C:\Users\lephu\.stmcufinder\plugins\mcufinder/ => C:\Users\lephu\.stmcufinder\plugins\mcufinder
2022-09-12 08:26:53,322 [INFO] CrossReferenceDbSqlite:196 - Set database path to: C:\Users\lephu\.stmcufinder\plugins\mcufinder//mcu/cs/
2022-09-12 08:26:53,322 [WARN] DbFile:35 - Overriding database path with different value: C:\Users\lephu\.stmcufinder\plugins\mcufinder/ => C:\Users\lephu\.stmcufinder\plugins\mcufinder
2022-09-12 08:26:53,322 [INFO] DbExamplesSqlite:767 - Set database path to: C:\Users\lephu\.stmcufinder\plugins\mcufinder//mcu/
2022-09-12 08:26:53,337 [INFO] ApplicationProperties:181 - Using Application install path: D:\Apps\STM32CubeIDE_1.7.0\STM32CubeIDE\plugins\com.st.stm32cube.common.mx_6.3.0.202107141111
2022-09-12 08:26:53,338 [INFO] PluginManage:188 - Search for loadable plugins [exclusion list=, ]
2022-09-12 08:26:53,339 [INFO] PluginManage:302 - Check plugin analytics
2022-09-12 08:26:53,434 [INFO] AnalyticsPlugin:257 - Accepted Software Licenses: 
2022-09-12 08:26:53,434 [INFO] AnalyticsPlugin:259 - Accepted CMSIS Pack Licenses: 
2022-09-12 08:26:53,434 [INFO] AnalyticsPlugin:261 - Accepted Firmware Licenses: 
2022-09-12 08:26:53,435 [INFO] PluginManage:352 - Loaded plugin analytics (category:tool,tabindex:-1)
2022-09-12 08:26:53,435 [INFO] PluginManage:302 - Check plugin clock
2022-09-12 08:26:53,442 [INFO] PluginManage:352 - Loaded plugin clock (category:base,tabindex:2)
2022-09-12 08:26:53,442 [INFO] PluginManage:302 - Check plugin ddr
2022-09-12 08:26:53,443 [INFO] PluginManage:352 - Loaded plugin ddr (category:tool,tabindex:6)
2022-09-12 08:26:53,443 [INFO] PluginManage:302 - Check plugin filemanager
2022-09-12 08:26:53,536 [INFO] PluginManage:352 - Loaded plugin filemanager (category:base,tabindex:10)
2022-09-12 08:26:53,536 [INFO] PluginManage:302 - Check plugin ipmanager
2022-09-12 08:26:53,540 [INFO] PluginManage:352 - Loaded plugin ipmanager (category:base,tabindex:5)
2022-09-12 08:26:53,540 [INFO] PluginManage:302 - Check plugin pinoutandconfiguration
2022-09-12 08:26:53,545 [INFO] PluginManage:352 - Loaded plugin pinoutandconfiguration (category:base,tabindex:1)
2022-09-12 08:26:53,545 [INFO] PluginManage:302 - Check plugin pinoutconfig
2022-09-12 08:26:53,563 [INFO] PluginManage:352 - Loaded plugin pinoutconfig (category:base,tabindex:0)
2022-09-12 08:26:53,564 [INFO] PluginManage:302 - Check plugin power
2022-09-12 08:26:53,570 [INFO] PluginManage:352 - Loaded plugin power (category:power,tabindex:4)
2022-09-12 08:26:53,570 [INFO] PluginManage:302 - Check plugin projectmanager
2022-09-12 08:26:53,581 [INFO] PluginManage:352 - Loaded plugin projectmanager (category:projectmanager,tabindex:3)
2022-09-12 08:26:53,581 [INFO] PluginManage:302 - Check plugin thirdparty
2022-09-12 08:26:53,677 [INFO] PluginManage:352 - Loaded plugin thirdparty (category:base,tabindex:-1)
2022-09-12 08:26:53,678 [INFO] PluginManage:302 - Check plugin tools
2022-09-12 08:26:53,678 [WARN] IntegrityCheckThread:78 - waiting for thirdparty lock release [integrity check]
2022-09-12 08:26:53,678 [INFO] IntegrityCheckThread:80 - entering critical section [integrity check]
2022-09-12 08:26:53,679 [INFO] ThirdPartyUpdaterWithRetryManager:66 - Updater plugin not ready yet. [1/15]
2022-09-12 08:26:53,679 [INFO] PluginManage:352 - Loaded plugin tools (category:base,tabindex:7)
2022-09-12 08:26:53,679 [INFO] PluginManage:302 - Check plugin tutovideos
2022-09-12 08:26:53,835 [INFO] PluginManage:352 - Loaded plugin tutovideos (category:base,tabindex:-1)
2022-09-12 08:26:53,835 [INFO] PluginManage:302 - Check plugin updater
2022-09-12 08:26:53,843 [INFO] PluginManage:352 - Loaded plugin updater (category:base,tabindex:12)
2022-09-12 08:26:53,844 [INFO] PluginManage:275 - PluginManage : Loaded plugins [13]
2022-09-12 08:26:53,960 [INFO] PinOutPanel:1463 - setPackage(No Configuration,No Configuration)
2022-09-12 08:26:54,014 [INFO] IPUIPlugin:74 - create IPUIPlugin
2022-09-12 08:26:54,014 [INFO] PluginManager:213 - loadIPPluginJar : add adc
2022-09-12 08:26:54,015 [INFO] IPUIPlugin:74 - create IPUIPlugin
2022-09-12 08:26:54,015 [INFO] PluginManager:213 - loadIPPluginJar : add aes
2022-09-12 08:26:54,017 [INFO] IPUIPlugin:74 - create IPUIPlugin
2022-09-12 08:26:54,017 [INFO] PluginManager:213 - loadIPPluginJar : add can
2022-09-12 08:26:54,018 [INFO] IPUIPlugin:74 - create IPUIPlugin
2022-09-12 08:26:54,018 [INFO] PluginManager:213 - loadIPPluginJar : add comp
2022-09-12 08:26:54,019 [INFO] IPUIPlugin:74 - create IPUIPlugin
2022-09-12 08:26:54,019 [INFO] PluginManager:213 - loadIPPluginJar : add cryp
2022-09-12 08:26:54,020 [INFO] IPUIPlugin:74 - create IPUIPlugin
2022-09-12 08:26:54,020 [INFO] PluginManager:213 - loadIPPluginJar : add dfsdm
2022-09-12 08:26:54,024 [INFO] IPUIPlugin:74 - create IPUIPlugin
2022-09-12 08:26:54,024 [INFO] PluginManager:213 - loadIPPluginJar : add dma
2022-09-12 08:26:54,025 [INFO] IPUIPlugin:74 - create IPUIPlugin
2022-09-12 08:26:54,025 [INFO] PluginManager:213 - loadIPPluginJar : add dma3
2022-09-12 08:26:54,026 [INFO] IPUIPlugin:74 - create IPUIPlugin
2022-09-12 08:26:54,026 [INFO] PluginManager:213 - loadIPPluginJar : add fatfs
2022-09-12 08:26:54,029 [INFO] IPUIPlugin:74 - create IPUIPlugin
2022-09-12 08:26:54,029 [INFO] PluginManager:213 - loadIPPluginJar : add fmc
2022-09-12 08:26:54,032 [INFO] IPUIPlugin:74 - create IPUIPlugin
2022-09-12 08:26:54,032 [INFO] PluginManager:213 - loadIPPluginJar : add freertos
2022-09-12 08:26:54,033 [INFO] IPUIPlugin:74 - create IPUIPlugin
2022-09-12 08:26:54,033 [INFO] PluginManager:213 - loadIPPluginJar : add genericplugin
2022-09-12 08:26:54,034 [INFO] IPUIPlugin:74 - create IPUIPlugin
2022-09-12 08:26:54,034 [INFO] PluginManager:213 - loadIPPluginJar : add gfxmmu
2022-09-12 08:26:54,038 [INFO] IPUIPlugin:74 - create IPUIPlugin
2022-09-12 08:26:54,038 [INFO] PluginManager:213 - loadIPPluginJar : add gic
2022-09-12 08:26:54,040 [INFO] IPUIPlugin:74 - create IPUIPlugin
2022-09-12 08:26:54,040 [INFO] PluginManager:213 - loadIPPluginJar : add gpio
2022-09-12 08:26:54,042 [INFO] IPUIPlugin:74 - create IPUIPlugin
2022-09-12 08:26:54,042 [INFO] PluginManager:213 - loadIPPluginJar : add gtzc
2022-09-12 08:26:54,043 [INFO] IPUIPlugin:74 - create IPUIPlugin
2022-09-12 08:26:54,043 [INFO] PluginManager:213 - loadIPPluginJar : add hash
2022-09-12 08:26:54,045 [INFO] IPUIPlugin:74 - create IPUIPlugin
2022-09-12 08:26:54,045 [INFO] PluginManager:213 - loadIPPluginJar : add i2c
2022-09-12 08:26:54,046 [INFO] IPUIPlugin:74 - create IPUIPlugin
2022-09-12 08:26:54,046 [INFO] PluginManager:213 - loadIPPluginJar : add i2s
2022-09-12 08:26:54,048 [INFO] IPUIPlugin:74 - create IPUIPlugin
2022-09-12 08:26:54,048 [INFO] PluginManager:213 - loadIPPluginJar : add ipddr
2022-09-12 08:26:54,053 [INFO] IPUIPlugin:74 - create IPUIPlugin
2022-09-12 08:26:54,053 [INFO] PluginManager:213 - loadIPPluginJar : add linkedlist
2022-09-12 08:26:54,054 [INFO] IPUIPlugin:74 - create IPUIPlugin
2022-09-12 08:26:54,054 [INFO] PluginManager:213 - loadIPPluginJar : add lorawan
2022-09-12 08:26:54,055 [INFO] IPUIPlugin:74 - create IPUIPlugin
2022-09-12 08:26:54,055 [INFO] PluginManager:213 - loadIPPluginJar : add ltdc
2022-09-12 08:26:54,057 [INFO] IPUIPlugin:74 - create IPUIPlugin
2022-09-12 08:26:54,057 [INFO] PluginManager:213 - loadIPPluginJar : add mdma
2022-09-12 08:26:54,059 [INFO] IPUIPlugin:74 - create IPUIPlugin
2022-09-12 08:26:54,059 [INFO] PluginManager:213 - loadIPPluginJar : add nvic
2022-09-12 08:26:54,061 [INFO] IPUIPlugin:74 - create IPUIPlugin
2022-09-12 08:26:54,061 [INFO] PluginManager:213 - loadIPPluginJar : add opamp
2022-09-12 08:26:54,062 [INFO] IPUIPlugin:74 - create IPUIPlugin
2022-09-12 08:26:54,062 [INFO] PluginManager:213 - loadIPPluginJar : add openamp
2022-09-12 08:26:54,064 [INFO] IPUIPlugin:74 - create IPUIPlugin
2022-09-12 08:26:54,064 [INFO] PluginManager:213 - loadIPPluginJar : add pdm2pcm
2022-09-12 08:26:54,068 [INFO] IPUIPlugin:74 - create IPUIPlugin
2022-09-12 08:26:54,070 [INFO] PluginManager:213 - loadIPPluginJar : add plateformsettings
2022-09-12 08:26:54,071 [INFO] IPUIPlugin:74 - create IPUIPlugin
2022-09-12 08:26:54,071 [INFO] PluginManager:213 - loadIPPluginJar : add quadspi
2022-09-12 08:26:54,073 [INFO] IPUIPlugin:74 - create IPUIPlugin
2022-09-12 08:26:54,073 [INFO] PluginManager:213 - loadIPPluginJar : add resmgrutility
2022-09-12 08:26:54,075 [INFO] IPUIPlugin:74 - create IPUIPlugin
2022-09-12 08:26:54,075 [INFO] PluginManager:213 - loadIPPluginJar : add sai
2022-09-12 08:26:54,076 [INFO] IPUIPlugin:74 - create IPUIPlugin
2022-09-12 08:26:54,076 [INFO] PluginManager:213 - loadIPPluginJar : add spi
2022-09-12 08:26:54,079 [INFO] IPUIPlugin:74 - create IPUIPlugin
2022-09-12 08:26:54,079 [INFO] PluginManager:213 - loadIPPluginJar : add stm32_wpan
2022-09-12 08:26:54,080 [INFO] IPUIPlugin:74 - create IPUIPlugin
2022-09-12 08:26:54,080 [INFO] PluginManager:213 - loadIPPluginJar : add tim
2022-09-12 08:26:54,082 [INFO] IPUIPlugin:74 - create IPUIPlugin
2022-09-12 08:26:54,082 [INFO] PluginManager:213 - loadIPPluginJar : add touchsensing
2022-09-12 08:26:54,083 [INFO] IPUIPlugin:74 - create IPUIPlugin
2022-09-12 08:26:54,083 [INFO] PluginManager:213 - loadIPPluginJar : add tracer_emb
2022-09-12 08:26:54,084 [INFO] IPUIPlugin:74 - create IPUIPlugin
2022-09-12 08:26:54,084 [INFO] PluginManager:213 - loadIPPluginJar : add ts
2022-09-12 08:26:54,085 [INFO] IPUIPlugin:74 - create IPUIPlugin
2022-09-12 08:26:54,085 [INFO] PluginManager:213 - loadIPPluginJar : add tsc
2022-09-12 08:26:54,086 [INFO] IPUIPlugin:74 - create IPUIPlugin
2022-09-12 08:26:54,086 [INFO] PluginManager:213 - loadIPPluginJar : add ucpd
2022-09-12 08:26:54,087 [INFO] IPUIPlugin:74 - create IPUIPlugin
2022-09-12 08:26:54,087 [INFO] PluginManager:213 - loadIPPluginJar : add usart
2022-09-12 08:26:54,089 [INFO] IPUIPlugin:74 - create IPUIPlugin
2022-09-12 08:26:54,089 [INFO] PluginManager:213 - loadIPPluginJar : add usbx
2022-09-12 08:26:54,334 [FATAL] Updater:294 - Updater called before beeing initialized
2022-09-12 08:26:54,405 [FATAL] Updater:294 - Updater called before beeing initialized
2022-09-12 08:26:54,408 [INFO] DbMcusAds:47 - JSON generation date=Thu Sep 30 13:55:09 ICT 2021 (1632984909265)
2022-09-12 08:26:54,408 [FATAL] Updater:294 - Updater called before beeing initialized
2022-09-12 08:26:54,438 [WARN] DetailPanel:314 - Failed to get advertising image, set to default
2022-09-12 08:26:54,512 [FATAL] Updater:294 - Updater called before beeing initialized
2022-09-12 08:26:54,514 [FATAL] Updater:294 - Updater called before beeing initialized
2022-09-12 08:26:54,514 [FATAL] Updater:294 - Updater called before beeing initialized
2022-09-12 08:26:54,514 [WARN] DetailPanel:314 - Failed to get advertising image, set to default
2022-09-12 08:26:54,515 [FATAL] Updater:294 - Updater called before beeing initialized
2022-09-12 08:26:54,550 [ERROR] Updater:1075 - MainUpdater not yet initialized. External WinMGr cannot be set.
2022-09-12 08:26:54,552 [INFO] Updater:1012 - Updater Version found : 6.3.0
2022-09-12 08:26:54,564 [INFO] ApplicationProperties:181 - Using Application install path: D:\Apps\STM32CubeIDE_1.7.0\STM32CubeIDE\plugins\com.st.stm32cube.common.mx_6.3.0.202107141111
2022-09-12 08:26:55,011 [INFO] MainUpdater:2671 - connection check result : 10
2022-09-12 08:26:55,012 [INFO] MainUpdater:265 - Updater Check For Update Now.
2022-09-12 08:26:55,012 [INFO] MicroXplorer:478 - Change Database Version : DB.6.0.30
2022-09-12 08:26:55,152 [INFO] CheckServerUpdateThread:112 - End of CheckServer Thread
2022-09-12 08:26:55,242 [INFO] MainUpdater:2671 - connection check result : 10
2022-09-12 08:26:55,251 [INFO] McuFinderGlobals:52 - Set McuFinderConnectedMode to true
2022-09-12 08:26:55,472 [INFO] ServerAccessManage:362 - Download File mcusAds.json._tmp_
2022-09-12 08:26:55,592 [INFO] LoadUrlFilesThread:145 - End of LoadUrlFiles Thread
2022-09-12 08:26:56,630 [INFO] ServerAccessManage:362 - Download File mcusDocs.json._tmp_
2022-09-12 08:26:56,685 [WARN] MainUpdater:1122 - Updater busy. Cannot search thirdparties
2022-09-12 08:26:56,685 [INFO] ThirdPartyUpdaterWithRetryManager:92 - Updater plugin is busy. [1/15]
2022-09-12 08:26:57,438 [INFO] LoadUrlFilesThread:145 - End of LoadUrlFiles Thread
2022-09-12 08:26:57,775 [INFO] ServerAccessManage:362 - Download File mcusFeaturesAndDescription.json._tmp_
2022-09-12 08:26:59,486 [INFO] LoadUrlFilesThread:145 - End of LoadUrlFiles Thread
2022-09-12 08:26:59,695 [WARN] MainUpdater:1122 - Updater busy. Cannot search thirdparties
2022-09-12 08:26:59,695 [INFO] ThirdPartyUpdaterWithRetryManager:92 - Updater plugin is busy. [2/15]
2022-09-12 08:26:59,796 [INFO] ServerAccessManage:362 - Download File boardsDocs.json._tmp_
2022-09-12 08:26:59,941 [INFO] LoadUrlFilesThread:145 - End of LoadUrlFiles Thread
2022-09-12 08:27:00,319 [INFO] ServerAccessManage:362 - Download File boards.json._tmp_
2022-09-12 08:27:00,634 [INFO] LoadUrlFilesThread:145 - End of LoadUrlFiles Thread
2022-09-12 08:27:00,916 [INFO] ServerAccessManage:362 - Download File cube-finder-db.zip
2022-09-12 08:27:02,703 [WARN] MainUpdater:1122 - Updater busy. Cannot search thirdparties
2022-09-12 08:27:02,703 [INFO] ThirdPartyUpdaterWithRetryManager:92 - Updater plugin is busy. [3/15]
2022-09-12 08:27:04,687 [INFO] FileExtend:235 - Unzip File : cube-finder-db.zip
2022-09-12 08:27:04,688 [INFO] FileExtend:250 - Standard Zip Deflate
2022-09-12 08:27:05,185 [INFO] LoadUrlFilesThread:145 - End of LoadUrlFiles Thread
2022-09-12 08:27:05,710 [WARN] MainUpdater:1122 - Updater busy. Cannot search thirdparties
2022-09-12 08:27:05,710 [INFO] ThirdPartyUpdaterWithRetryManager:92 - Updater plugin is busy. [4/15]
2022-09-12 08:27:06,519 [INFO] ServerAccessManage:362 - Download File crdb.zip
2022-09-12 08:27:08,440 [INFO] FileExtend:235 - Unzip File : crdb.zip
2022-09-12 08:27:08,441 [INFO] FileExtend:250 - Standard Zip Deflate
2022-09-12 08:27:08,584 [INFO] LoadUrlFilesThread:145 - End of LoadUrlFiles Thread
2022-09-12 08:27:08,715 [WARN] MainUpdater:1122 - Updater busy. Cannot search thirdparties
2022-09-12 08:27:08,715 [INFO] ThirdPartyUpdaterWithRetryManager:92 - Updater plugin is busy. [5/15]
2022-09-12 08:27:08,871 [INFO] ServerAccessManage:362 - Download File tutoVideoDB.zip
2022-09-12 08:27:08,926 [INFO] FileExtend:235 - Unzip File : tutoVideoDB.zip
2022-09-12 08:27:08,927 [INFO] FileExtend:250 - Standard Zip Deflate
2022-09-12 08:27:09,042 [INFO] LoadUrlFilesThread:145 - End of LoadUrlFiles Thread
2022-09-12 08:27:09,045 [INFO] DbMcusAds:47 - JSON generation date=Thu Sep 30 13:55:09 ICT 2021 (1632984909265)
2022-09-12 08:27:09,061 [INFO] DbMcusDocs:143 - JSON generation date=Tue Nov 16 23:17:54 ICT 2021 (1637079474)
2022-09-12 08:27:09,063 [INFO] DbMcusXml:100 - Load MCU database from D:\Apps\STM32CubeIDE_1.7.0\STM32CubeIDE\plugins\com.st.stm32cube.common.mx_6.3.0.202107141111\\db\/mcu/families.xml
2022-09-12 08:27:09,739 [INFO] DbMcusJson:93 - JSON generation date=Tue Nov 16 23:17:54 ICT 2021 (1637079474)
2022-09-12 08:27:10,317 [INFO] DbMcus:175 - Found 1951 MCUs (1903 are supported by CubeMX, 1914 are visible in CubeMX)
2022-09-12 08:27:10,317 [INFO] ApiDb:251 - Load user favorites file C:\Users\lephu/.stm32cubeide/favorites.mcus.txt: 0 item(s)
2022-09-12 08:27:10,317 [INFO] ApiDb:255 - User favorites MCUs=[]
2022-09-12 08:27:10,317 [INFO] DbMcus:187 - Set 0 / 0 favorites MCUs
2022-09-12 08:27:10,749 [INFO] DbMcusDocs:79 - Found 682 MCUs documents
2022-09-12 08:27:10,751 [INFO] ApiDb:276 - Save user favorites file C:\Users\lephu/.stm32cubeide/favorites.mcus.txt: 0 item(s)
2022-09-12 08:27:10,751 [INFO] ApiDb:280 - User favorites MCUs=[]
2022-09-12 08:27:10,751 [INFO] DbMcusXml:100 - Load MCU database from D:\Apps\STM32CubeIDE_1.7.0\STM32CubeIDE\plugins\com.st.stm32cube.common.mx_6.3.0.202107141111\\db\/mcu/families.xml
2022-09-12 08:27:11,398 [INFO] DbMcusJson:93 - JSON generation date=Tue Nov 16 23:17:54 ICT 2021 (1637079474)
2022-09-12 08:27:11,846 [WARN] PackLoader:238 - Cannot read IP mode file for STMicroelectronics.X-CUBE-GNSS1.6.0.0
2022-09-12 08:27:11,872 [WARN] PackLoader:238 - Cannot read IP mode file for STMicroelectronics.X-CUBE-AZRTOS-F4.1.1.0
2022-09-12 08:27:11,893 [WARN] PackLoader:238 - Cannot read IP mode file for STMicroelectronics.X-CUBE-AZRTOS-F7.1.1.0
2022-09-12 08:27:11,901 [WARN] PackLoader:238 - Cannot read IP mode file for STMicroelectronics.X-CUBE-BLE1.6.2.3
2022-09-12 08:27:11,907 [WARN] PackLoader:238 - Cannot read IP mode file for STMicroelectronics.X-CUBE-NFC4.2.0.4
2022-09-12 08:27:11,917 [WARN] PackLoader:238 - Cannot read IP mode file for STMicroelectronics.X-CUBE-TOF1.3.1.0
2022-09-12 08:27:11,923 [INFO] DbMcus:175 - Found 1951 MCUs (1903 are supported by CubeMX, 1914 are visible in CubeMX)
2022-09-12 08:27:11,924 [INFO] ApiDb:251 - Load user favorites file C:\Users\lephu/.stm32cubeide/favorites.mcus.txt: 0 item(s)
2022-09-12 08:27:11,924 [INFO] ApiDb:255 - User favorites MCUs=[]
2022-09-12 08:27:11,924 [INFO] DbMcus:187 - Set 0 / 0 favorites MCUs
2022-09-12 08:27:11,925 [WARN] PackLoader:238 - Cannot read IP mode file for wolfSSL.I-CUBE-wolfSSL.5.5.0
2022-09-12 08:27:11,930 [INFO] DbBoardsDocs:143 - JSON generation date=Tue Nov 16 23:17:54 ICT 2021 (1637079474)
2022-09-12 08:27:11,930 [WARN] PackLoader:238 - Cannot read IP mode file for STMicroelectronics.X-CUBE-NFC7.1.0.0
2022-09-12 08:27:11,943 [INFO] DbBoardsPdsc:90 - Found 25 items
2022-09-12 08:27:11,951 [INFO] DbBoardsPdsc:90 - Found 9 items
2022-09-12 08:27:11,972 [INFO] DbBoardsPdsc:90 - Found 33 items
2022-09-12 08:27:11,980 [INFO] DbBoardsPdsc:90 - Found 1 items
2022-09-12 08:27:11,985 [WARN] PackLoader:238 - Cannot read IP mode file for STMicroelectronics.X-CUBE-MEMS1.9.3.0
2022-09-12 08:27:11,994 [INFO] DbBoardsPdsc:90 - Found 48 items
2022-09-12 08:27:12,019 [INFO] DbBoardsPdsc:90 - Found 43 items
2022-09-12 08:27:12,027 [INFO] DbBoardsPdsc:90 - Found 2 items
2022-09-12 08:27:12,035 [INFO] DbBoardsPdsc:90 - Found 5 items
2022-09-12 08:27:12,041 [WARN] DbBoardsPdsc:254 - Board STM32H7B3I-DK: unknown feature type=Audio, name=, username=Audio stereo codec with Headphone Amp (CS42L51-CNZ), n=1
2022-09-12 08:27:12,041 [WARN] DbBoardsPdsc:254 - Board STM32H735G-DK: unknown feature type=Audio, name=, username=Audio stereo codec with Headphone Amp (WM8994ECS/R), n=1
2022-09-12 08:27:12,043 [WARN] DbBoardsPdsc:254 - Board STM32H7B3I-EVAL: unknown feature type=Audio, name=, username=Multi-Channel Audio Codec (CS42L51-CNZ), n=1
2022-09-12 08:27:12,044 [WARN] DbBoardsPdsc:254 - Board STM32H7B3I-EVAL: unknown feature type=Meter, name=, username=Power-metering and Temperature-monitoring with sigma-delta modulators, n=1
2022-09-12 08:27:12,044 [WARN] DbBoardsPdsc:254 - Board STM32H7B3I-EVAL: unknown feature type=Motor, name=, username=Motor Control, n=1
2022-09-12 08:27:12,044 [WARN] DbBoardsPdsc:254 - Board STM32U575I-EV: unknown feature type=joystick, name=, username=4-direction joystick with selection button, n=1
2022-09-12 08:27:12,063 [INFO] DbBoardsJson:86 - JSON generation date=Tue Nov 16 23:17:54 ICT 2021 (1637079474)
2022-09-12 08:27:12,069 [INFO] DbBoards:117 - Found 167 boards (163 are supported by CubeMX)
2022-09-12 08:27:12,071 [INFO] DbBoardsDocs:143 - JSON generation date=Tue Nov 16 23:17:54 ICT 2021 (1637079474)
2022-09-12 08:27:12,074 [INFO] DbBoardsDocs:79 - Found 209 boards documents
2022-09-12 08:27:12,075 [WARN] DbBoards:127 - board B-L475E-IOT01A2 has no document id list !
2022-09-12 08:27:12,076 [WARN] DbBoards:127 - board NUCLEO-H743ZI has no document id list !
2022-09-12 08:27:12,077 [WARN] DbBoards:127 - board NUCLEO-WL55JC2 has no document id list !
2022-09-12 08:27:12,077 [WARN] DbBoards:127 - board P-NUCLEO-WB55-Nucleo has no document id list !
2022-09-12 08:27:12,077 [WARN] DbBoards:127 - board P-NUCLEO-WB55-USBDongle has no document id list !
2022-09-12 08:27:12,077 [WARN] DbBoards:127 - board STEVAL-BFA001V1B has no document id list !
2022-09-12 08:27:12,077 [WARN] DbBoards:127 - board STEVAL-BFA001V2B has no document id list !
2022-09-12 08:27:12,077 [WARN] DbBoards:127 - board STEVAL-IDP005V1 has no document id list !
2022-09-12 08:27:12,077 [WARN] DbBoards:127 - board STEVAL-IDP005V2 has no document id list !
2022-09-12 08:27:12,078 [WARN] DbBoards:127 - board STEVAL-MKSBOX1V1 has no document id list !
2022-09-12 08:27:12,078 [WARN] DbBoards:127 - board STEVAL-STWINKT1 has no document id list !
2022-09-12 08:27:12,078 [WARN] DbBoards:127 - board STEVAL-STWINKT1B has no document id list !
2022-09-12 08:27:12,078 [WARN] DbBoards:127 - board STM32439I-EVAL2 has no document id list !
2022-09-12 08:27:12,078 [WARN] DbBoards:127 - board STM32F401C-DISCO has no document id list !
2022-09-12 08:27:12,078 [WARN] DbBoards:127 - board STM32F769I-DISC1 has no document id list !
2022-09-12 08:27:12,079 [WARN] DbBoards:127 - board STM32G474E-EVAL1 has no document id list !
2022-09-12 08:27:12,079 [WARN] DbBoards:127 - board STM32H743I-EVAL2 has no document id list !
2022-09-12 08:27:12,079 [WARN] DbBoards:127 - board STM32H747I-DISC1 has no document id list !
2022-09-12 08:27:12,079 [WARN] DbBoards:127 - board STM32H753I-EVAL2 has no document id list !
2022-09-12 08:27:12,079 [WARN] DbBoards:127 - board STM32L-DISCOVERY has no document id list !
2022-09-12 08:27:12,153 [WARN] PackLoader:238 - Cannot read IP mode file for STMicroelectronics.X-CUBE-AI.7.2.0
2022-09-12 08:27:12,159 [WARN] PackLoader:238 - Cannot read IP mode file for STMicroelectronics.X-CUBE-SFXS2LP1.4.0.0
2022-09-12 08:27:12,164 [WARN] PackLoader:238 - Cannot read IP mode file for STMicroelectronics.X-CUBE-BLE2.3.3.0
2022-09-12 08:27:12,173 [WARN] PackLoader:238 - Cannot read IP mode file for STMicroelectronics.X-CUBE-DISPLAY.2.2.0
2022-09-12 08:27:12,178 [WARN] PackLoader:238 - Cannot read IP mode file for STMicroelectronics.X-CUBE-ISPU.1.0.0
2022-09-12 08:27:12,185 [WARN] PackLoader:238 - Cannot read IP mode file for RoweBots.I-CUBE-UNISONRTOS.5.5.0-4
2022-09-12 08:27:12,211 [WARN] PackLoader:238 - Cannot read IP mode file for STMicroelectronics.X-CUBE-AZRTOS-H7.2.1.0
2022-09-12 08:27:12,221 [WARN] PackLoader:238 - Cannot read IP mode file for STMicroelectronics.X-CUBE-BLEMGR.1.0.0
2022-09-12 08:27:12,227 [WARN] PackLoader:238 - Cannot read IP mode file for STMicroelectronics.X-CUBE-ALGOBUILD.1.3.0
2022-09-12 08:27:12,227 [ERROR] DbBoards:189 - Image file not found for board B-U585I-IOT02A: D:\Apps\STM32CubeIDE_1.7.0\STM32CubeIDE\plugins\com.st.stm32cube.common.mx_6.3.0.202107141111\\db\/plugins/mcufinder/images/boards/B-U585I-IOT02A_small.jpg
2022-09-12 08:27:12,251 [WARN] PackLoader:238 - Cannot read IP mode file for STMicroelectronics.X-CUBE-AZRTOS-G0.1.1.0
2022-09-12 08:27:12,264 [WARN] PackLoader:238 - Cannot read IP mode file for STMicroelectronics.X-CUBE-SUBG2.5.0.0
2022-09-12 08:27:12,305 [WARN] PackLoader:238 - Cannot read IP mode file for SEGGER.I-CUBE-embOS.1.2.0
2022-09-12 08:27:12,337 [WARN] PackLoader:238 - Cannot read IP mode file for STMicroelectronics.FP-ATR-ASTRA1.1.1.1
2022-09-12 08:27:12,349 [ERROR] DbBoards:189 - Image file not found for board NUCLEO-F413ZH: D:\Apps\STM32CubeIDE_1.7.0\STM32CubeIDE\plugins\com.st.stm32cube.common.mx_6.3.0.202107141111\\db\/plugins/mcufinder/images/boards/nucleo-f413zh_small.jpg
2022-09-12 08:27:12,350 [WARN] PackLoader:238 - Cannot read IP mode file for STMicroelectronics.X-CUBE-AZRTOS-G4.1.0.0
2022-09-12 08:27:12,367 [WARN] PackLoader:238 - Cannot read IP mode file for STMicroelectronics.X-CUBE-AZRTOS-L4.1.0.0
2022-09-12 08:27:12,373 [WARN] PackLoader:238 - Cannot read IP mode file for emotas.I-CUBE-CANOPEN.1.1.2
2022-09-12 08:27:12,377 [WARN] PackLoader:238 - Cannot read IP mode file for STMicroelectronics.X-CUBE-TOUCHGFX.4.20.0
2022-09-12 08:27:12,387 [WARN] PackLoader:238 - Cannot read IP mode file for STMicroelectronics.X-CUBE-AZRTOS-WL.1.0.0
2022-09-12 08:27:12,393 [WARN] PackLoader:238 - Cannot read IP mode file for portGmbH.I-Cube-SoM-uGOAL.1.1.0
2022-09-12 08:27:12,396 [WARN] PackLoader:238 - Cannot read IP mode file for STMicroelectronics.X-CUBE-ALS.1.0.1
2022-09-12 08:27:12,411 [WARN] PackLoader:238 - Cannot read IP mode file for STMicroelectronics.X-CUBE-AZRTOS-L5.1.0.0
2022-09-12 08:27:12,416 [WARN] PackLoader:238 - Cannot read IP mode file for STMicroelectronics.X-CUBE-EEPRMA1.3.1.1
2022-09-12 08:27:12,417 [INFO] ThirdParty:915 - Integrity check success = true
2022-09-12 08:27:12,417 [INFO] IntegrityCheckThread:94 - exiting critical section [integrity check]
2022-09-12 08:27:12,417 [INFO] IntegrityCheckThread:97 - End integrity checks thread
2022-09-12 08:27:12,525 [ERROR] DbBoards:189 - Image file not found for board NUCLEO-L552ZE-Q: D:\Apps\STM32CubeIDE_1.7.0\STM32CubeIDE\plugins\com.st.stm32cube.common.mx_6.3.0.202107141111\\db\/plugins/mcufinder/images/boards/nucleo_l552ze_q_small.jpg
2022-09-12 08:27:12,525 [ERROR] DbBoards:189 - Image file not found for board NUCLEO-U575ZI-Q: D:\Apps\STM32CubeIDE_1.7.0\STM32CubeIDE\plugins\com.st.stm32cube.common.mx_6.3.0.202107141111\\db\/plugins/mcufinder/images/boards/nucleo-u575zi-q_small.jpg
2022-09-12 08:27:12,525 [ERROR] DbBoards:189 - Image file not found for board NUCLEO-WB15CC: D:\Apps\STM32CubeIDE_1.7.0\STM32CubeIDE\plugins\com.st.stm32cube.common.mx_6.3.0.202107141111\\db\/plugins/mcufinder/images/boards/nucleo-wb15cc_small.jpg
2022-09-12 08:27:12,525 [ERROR] DbBoards:189 - Image file not found for board NUCLEO-WB55RG: D:\Apps\STM32CubeIDE_1.7.0\STM32CubeIDE\plugins\com.st.stm32cube.common.mx_6.3.0.202107141111\\db\/plugins/mcufinder/images/boards/nucleo-wb55rg_small.jpg
2022-09-12 08:27:13,773 [INFO] ApiDb:251 - Load user favorites file C:\Users\lephu/.stm32cubeide/favorites.boards.txt: 0 item(s)
2022-09-12 08:27:13,774 [INFO] ApiDb:255 - User favorites Boards=[]
2022-09-12 08:27:13,774 [INFO] DbBoards:206 - Set 0 / 0 favorites Boards
2022-09-12 08:27:13,776 [INFO] DbBoardsDocs:79 - Found 418 boards documents
2022-09-12 08:27:13,776 [INFO] ApiDb:276 - Save user favorites file C:\Users\lephu/.stm32cubeide/favorites.boards.txt: 0 item(s)
2022-09-12 08:27:13,777 [INFO] ApiDb:280 - User favorites Boards=[]
2022-09-12 08:27:13,778 [INFO] DbBoardsPdsc:90 - Found 25 items
2022-09-12 08:27:13,779 [INFO] DbBoardsPdsc:90 - Found 9 items
2022-09-12 08:27:13,781 [INFO] DbBoardsPdsc:90 - Found 33 items
2022-09-12 08:27:13,781 [INFO] DbBoardsPdsc:90 - Found 1 items
2022-09-12 08:27:13,785 [INFO] DbBoardsPdsc:90 - Found 48 items
2022-09-12 08:27:13,790 [INFO] DbBoardsPdsc:90 - Found 43 items
2022-09-12 08:27:13,790 [INFO] DbBoardsPdsc:90 - Found 2 items
2022-09-12 08:27:13,791 [INFO] DbBoardsPdsc:90 - Found 5 items
2022-09-12 08:27:13,793 [WARN] DbBoardsPdsc:254 - Board STM32H7B3I-DK: unknown feature type=Audio, name=, username=Audio stereo codec with Headphone Amp (CS42L51-CNZ), n=1
2022-09-12 08:27:13,793 [WARN] DbBoardsPdsc:254 - Board STM32H735G-DK: unknown feature type=Audio, name=, username=Audio stereo codec with Headphone Amp (WM8994ECS/R), n=1
2022-09-12 08:27:13,794 [WARN] DbBoardsPdsc:254 - Board STM32H7B3I-EVAL: unknown feature type=Audio, name=, username=Multi-Channel Audio Codec (CS42L51-CNZ), n=1
2022-09-12 08:27:13,794 [WARN] DbBoardsPdsc:254 - Board STM32H7B3I-EVAL: unknown feature type=Meter, name=, username=Power-metering and Temperature-monitoring with sigma-delta modulators, n=1
2022-09-12 08:27:13,794 [WARN] DbBoardsPdsc:254 - Board STM32H7B3I-EVAL: unknown feature type=Motor, name=, username=Motor Control, n=1
2022-09-12 08:27:13,795 [WARN] DbBoardsPdsc:254 - Board STM32U575I-EV: unknown feature type=joystick, name=, username=4-direction joystick with selection button, n=1
2022-09-12 08:27:13,809 [INFO] DbBoardsJson:86 - JSON generation date=Tue Nov 16 23:17:54 ICT 2021 (1637079474)
2022-09-12 08:27:13,813 [INFO] DbBoards:117 - Found 167 boards (163 are supported by CubeMX)
2022-09-12 08:27:13,814 [WARN] DbBoards:127 - board B-L475E-IOT01A2 has no document id list !
2022-09-12 08:27:13,814 [WARN] DbBoards:127 - board NUCLEO-H743ZI has no document id list !
2022-09-12 08:27:13,815 [WARN] DbBoards:127 - board NUCLEO-WL55JC2 has no document id list !
2022-09-12 08:27:13,815 [WARN] DbBoards:127 - board P-NUCLEO-WB55-Nucleo has no document id list !
2022-09-12 08:27:13,815 [WARN] DbBoards:127 - board P-NUCLEO-WB55-USBDongle has no document id list !
2022-09-12 08:27:13,815 [WARN] DbBoards:127 - board STEVAL-BFA001V1B has no document id list !
2022-09-12 08:27:13,815 [WARN] DbBoards:127 - board STEVAL-BFA001V2B has no document id list !
2022-09-12 08:27:13,815 [WARN] DbBoards:127 - board STEVAL-IDP005V1 has no document id list !
2022-09-12 08:27:13,815 [WARN] DbBoards:127 - board STEVAL-IDP005V2 has no document id list !
2022-09-12 08:27:13,815 [WARN] DbBoards:127 - board STEVAL-MKSBOX1V1 has no document id list !
2022-09-12 08:27:13,815 [WARN] DbBoards:127 - board STEVAL-STWINKT1 has no document id list !
2022-09-12 08:27:13,815 [WARN] DbBoards:127 - board STEVAL-STWINKT1B has no document id list !
2022-09-12 08:27:13,815 [WARN] DbBoards:127 - board STM32439I-EVAL2 has no document id list !
2022-09-12 08:27:13,815 [WARN] DbBoards:127 - board STM32F401C-DISCO has no document id list !
2022-09-12 08:27:13,815 [WARN] DbBoards:127 - board STM32F769I-DISC1 has no document id list !
2022-09-12 08:27:13,816 [WARN] DbBoards:127 - board STM32G474E-EVAL1 has no document id list !
2022-09-12 08:27:13,816 [WARN] DbBoards:127 - board STM32H743I-EVAL2 has no document id list !
2022-09-12 08:27:13,816 [WARN] DbBoards:127 - board STM32H747I-DISC1 has no document id list !
2022-09-12 08:27:13,816 [WARN] DbBoards:127 - board STM32H753I-EVAL2 has no document id list !
2022-09-12 08:27:13,816 [WARN] DbBoards:127 - board STM32L-DISCOVERY has no document id list !
2022-09-12 08:27:13,892 [ERROR] DbBoards:189 - Image file not found for board B-U585I-IOT02A: D:\Apps\STM32CubeIDE_1.7.0\STM32CubeIDE\plugins\com.st.stm32cube.common.mx_6.3.0.202107141111\\db\/plugins/mcufinder/images/boards/B-U585I-IOT02A_small.jpg
2022-09-12 08:27:13,967 [ERROR] DbBoards:189 - Image file not found for board NUCLEO-F413ZH: D:\Apps\STM32CubeIDE_1.7.0\STM32CubeIDE\plugins\com.st.stm32cube.common.mx_6.3.0.202107141111\\db\/plugins/mcufinder/images/boards/nucleo-f413zh_small.jpg
2022-09-12 08:27:14,133 [ERROR] DbBoards:189 - Image file not found for board NUCLEO-L552ZE-Q: D:\Apps\STM32CubeIDE_1.7.0\STM32CubeIDE\plugins\com.st.stm32cube.common.mx_6.3.0.202107141111\\db\/plugins/mcufinder/images/boards/nucleo_l552ze_q_small.jpg
2022-09-12 08:27:14,133 [ERROR] DbBoards:189 - Image file not found for board NUCLEO-U575ZI-Q: D:\Apps\STM32CubeIDE_1.7.0\STM32CubeIDE\plugins\com.st.stm32cube.common.mx_6.3.0.202107141111\\db\/plugins/mcufinder/images/boards/nucleo-u575zi-q_small.jpg
2022-09-12 08:27:14,133 [ERROR] DbBoards:189 - Image file not found for board NUCLEO-WB15CC: D:\Apps\STM32CubeIDE_1.7.0\STM32CubeIDE\plugins\com.st.stm32cube.common.mx_6.3.0.202107141111\\db\/plugins/mcufinder/images/boards/nucleo-wb15cc_small.jpg
2022-09-12 08:27:14,133 [ERROR] DbBoards:189 - Image file not found for board NUCLEO-WB55RG: D:\Apps\STM32CubeIDE_1.7.0\STM32CubeIDE\plugins\com.st.stm32cube.common.mx_6.3.0.202107141111\\db\/plugins/mcufinder/images/boards/nucleo-wb55rg_small.jpg
2022-09-12 08:27:14,827 [INFO] ApiDb:251 - Load user favorites file C:\Users\lephu/.stm32cubeide/favorites.boards.txt: 0 item(s)
2022-09-12 08:27:14,827 [INFO] ApiDb:255 - User favorites Boards=[]
2022-09-12 08:27:14,827 [INFO] DbBoards:206 - Set 0 / 0 favorites Boards
2022-09-12 08:27:14,835 [INFO] LoadUrlFilesThread:172 - End of LoadServerUrlFiles without Thread
2022-09-12 08:27:14,835 [INFO] TargetSelectorAdapter:224 - Refresh data is successful
2022-09-12 08:27:14,905 [INFO] ApiDb:479 - Connected to CubeFinder SQLite database (C:\Users\lephu\.stmcufinder\plugins\mcufinder\mcu\cube-finder-db.db)
2022-09-12 08:27:15,464 [INFO] DbExamplesSqlite:411 - Ignored 31 examples not supported by CubeIDE
2022-09-12 08:27:15,464 [INFO] DbExamplesSqlite:412 - Found 6197 examples active
2022-09-12 08:27:15,464 [INFO] DbExamplesSqlite:413 - Found 89 examples obsolete
2022-09-12 08:27:15,464 [INFO] DbExamplesSqlite:414 - Found 0 examples under development
2022-09-12 08:27:15,464 [INFO] DbExamplesSqlite:415 - Found 76 examples not building
2022-09-12 08:27:15,481 [INFO] DbExamplesSqlite:108 - CubeFinder database Data Model version=2.1
2022-09-12 08:27:15,481 [INFO] DbExamplesSqlite:109 - CubeFinder database Configuration version=3.0.32
2022-09-12 08:27:15,481 [INFO] DbExamplesSqlite:110 - CubeFinder database generation date=2022-08-05 (1659688109)
2022-09-12 08:27:15,481 [INFO] DbExamplesSqlite:111 - CubeFinder database FW Pack versions=[STM32Cube_FW_C0_V1.0.0, STM32Cube_FW_F4_V1.27.1, STM32Cube_FW_F7_V1.17.0, STM32Cube_FW_G0_V1.6.1, STM32Cube_FW_G4_V1.5.0, STM32Cube_FW_H7_V1.10.0, STM32Cube_FW_L5_V1.4.0, STM32Cube_FW_U5_V1.1.1, STM32Cube_FW_WB_V1.14.1, STM32Cube_FW_WL_V1.2.0, X-CUBE-ALGOBUILD_V1.3.0, X-CUBE-ALS_V1.0.1, X-CUBE-AZRTOS-F4_V1.1.0, X-CUBE-AZRTOS-F7_V1.1.0, X-CUBE-AZRTOS-G0_V1.1.0, X-CUBE-AZRTOS-G4_V1.0.0, X-CUBE-AZRTOS-H7_V2.1.0, X-CUBE-AZRTOS-L4_V1.0.0, X-CUBE-AZRTOS-L5_V1.0.0, X-CUBE-AZRTOS-WL_V1.0.0, X-CUBE-BLE1_V6.2.3, X-CUBE-BLE2_V3.3.0, X-CUBE-EEPRMA1_V3.1.1, X-CUBE-GNSS1_V6.0.0, X-CUBE-MEMS1_V9.1.0, X-CUBE-MEMS1_V9.3.0, X-CUBE-NFC4_V2.0.4, X-CUBE-NFC7_V1.0.0, X-CUBE-SFXS2LP1_V4.0.0, X-CUBE-SUBG2_V5.0.0]
2022-09-12 08:27:15,482 [INFO] DbExamples:130 - Found 6242 examples
2022-09-12 08:27:15,999 [ERROR] DbExamples:206 - Found 6242 examples with invalid data (board or MCU)
2022-09-12 08:27:16,000 [INFO] DbExamples:222 - Found 74 boards with related examples
2022-09-12 08:27:16,000 [INFO] DbExamples:235 - Found 0 MCUs with related examples
2022-09-12 08:27:16,017 [INFO] ApiDb:242 - User favorites file not found: C:\Users\lephu/.stm32cubeide/favorites.examples.txt
2022-09-12 08:27:16,017 [INFO] DbExamples:256 - Set 0 / 0 favorites Examples
2022-09-12 08:27:16,162 [INFO] McuFinderGlobals:52 - Set McuFinderConnectedMode to false
2022-09-12 08:27:16,248 [INFO] CrossSelectorPresenter:1330 - Cross Selector saved comparison directory: C:\Users\lephu\.stmcufinder\plugins\mcufinder\mcu\cs_comparisons_mx
2022-09-12 08:27:16,255 [INFO] MultiScanPanel:197 - Auto-refresh data requested => check proxy status ongoing
2022-09-12 08:27:16,255 [INFO] MultiScanPanel:201 - Proxy status is invalid
2022-09-12 08:27:16,257 [INFO] FinderPluginLoader:87 - Searching for filters in installed packs
2022-09-12 08:27:16,672 [INFO] DetailPanel:309 - Set advertising image to C:/Users/lephu/STM32Cube/Repository/\en.Prom_NBSTM32U50921.jpg
2022-09-12 08:29:00,000 [INFO] MainUpdater:2671 - connection check result : 10
2022-09-12 08:29:00,001 [INFO] MainUpdater:2671 - connection check result : 10
2022-09-12 08:29:00,036 [INFO] MicroXplorer:448 - Change Database Path : 
2022-09-12 08:29:00,036 [INFO] MicroXplorer:478 - Change Database Version : DB.6.0.30
2022-09-12 08:29:00,036 [WARN] ThirdParty:813 - waiting for thirdparty lock release [close project]
2022-09-12 08:29:00,036 [INFO] ThirdParty:815 - entering critical section [close project]
2022-09-12 08:29:00,039 [INFO] ThirdParty:825 - exiting critical section [close project]
2022-09-12 08:29:00,042 [INFO] PinOutPanel:1463 - setPackage(No Configuration,No Configuration)
2022-09-12 08:29:00,043 [INFO] UtilMem:74 - Begin LoadConfig() Used Memory: 644144544 Bytes (719323136)
2022-09-12 08:29:00,044 [INFO] MicroXplorer:448 - Change Database Path : 
2022-09-12 08:29:00,044 [INFO] MicroXplorer:478 - Change Database Version : DB.6.0.30
2022-09-12 08:29:00,044 [INFO] OpenFileManager:313 - Change cursor
2022-09-12 08:29:00,625 [INFO] Context:592 - Trying to add GPIOservice into a context  which must be forbidden
2022-09-12 08:29:00,781 [INFO] ImportTextPane:167 - (OptionalMessage_ERROR) Unable to find key (Mcu.ThirdPartyNb) in loaded IOC file
2022-09-12 08:29:00,781 [INFO] ImportTextPane:167 - (OptionalMessage_ERROR) Unable to find key (Mcu.PinsNb) in loaded IOC file
2022-09-12 08:29:00,781 [INFO] ImportTextPane:167 - (OptionalMessage_ERROR) Unable to find key (Mcu.IPNb) in loaded IOC file
2022-09-12 08:29:00,814 [WARN] ApiManager:304 - Cannot register API 'Board Extension:GNSS1A1' from pack STMicroelectronics.X-CUBE-GNSS1.6.0.0: no header file found
2022-09-12 08:29:00,814 [WARN] ApiManager:304 - Cannot register API 'Board Support:Custom' from pack STMicroelectronics.X-CUBE-GNSS1.6.0.0: no header file found
2022-09-12 08:29:00,814 [WARN] ApiManager:304 - Cannot register API 'Data Exchange:lib_gnss' from pack STMicroelectronics.X-CUBE-GNSS1.6.0.0: no header file found
2022-09-12 08:29:00,823 [WARN] ModelIntegratedComponent:60 - No mode defined for component null
2022-09-12 08:29:00,824 [WARN] ModelIntegratedComponent:60 - No mode defined for component null
2022-09-12 08:29:00,824 [WARN] ModelIntegratedComponent:60 - No mode defined for component null
2022-09-12 08:29:00,824 [WARN] ModelIntegratedComponent:60 - No mode defined for component null
2022-09-12 08:29:00,824 [WARN] ModelIntegratedComponent:60 - No mode defined for component null
2022-09-12 08:29:00,824 [WARN] ModelIntegratedComponent:60 - No mode defined for component null
2022-09-12 08:29:00,824 [WARN] ModelIntegratedComponent:60 - No mode defined for component null
2022-09-12 08:29:00,824 [WARN] ModelIntegratedComponent:60 - No mode defined for component null
2022-09-12 08:29:00,824 [WARN] ModelIntegratedComponent:60 - No mode defined for component null
2022-09-12 08:29:00,824 [WARN] ModelIntegratedComponent:60 - No mode defined for component null
2022-09-12 08:29:00,824 [WARN] ModelIntegratedComponent:60 - No mode defined for component null
2022-09-12 08:29:00,824 [WARN] ModelIntegratedComponent:60 - No mode defined for component null
2022-09-12 08:29:00,824 [WARN] ModelIntegratedComponent:60 - No mode defined for component null
2022-09-12 08:29:00,824 [WARN] ModelIntegratedComponent:60 - No mode defined for component null
2022-09-12 08:29:00,825 [WARN] ModelIntegratedComponent:60 - No mode defined for component null
2022-09-12 08:29:00,825 [WARN] ModelIntegratedComponent:60 - No mode defined for component null
2022-09-12 08:29:00,825 [WARN] ModelIntegratedComponent:60 - No mode defined for component null
2022-09-12 08:29:00,825 [WARN] ModelIntegratedComponent:60 - No mode defined for component null
2022-09-12 08:29:00,825 [WARN] ModelIntegratedComponent:60 - No mode defined for component null
2022-09-12 08:29:00,825 [WARN] ModelIntegratedComponent:60 - No mode defined for component null
2022-09-12 08:29:00,825 [WARN] ModelIntegratedComponent:60 - No mode defined for component null
2022-09-12 08:29:00,825 [WARN] ModelIntegratedComponent:60 - No mode defined for component null
2022-09-12 08:29:00,825 [WARN] ModelIntegratedComponent:60 - No mode defined for component null
2022-09-12 08:29:00,825 [WARN] ModelIntegratedComponent:60 - No mode defined for component null
2022-09-12 08:29:00,825 [WARN] ModelIntegratedComponent:60 - No mode defined for component null
2022-09-12 08:29:00,825 [WARN] ModelIntegratedComponent:60 - No mode defined for component null
2022-09-12 08:29:00,825 [WARN] ModelIntegratedComponent:60 - No mode defined for component null
2022-09-12 08:29:00,825 [WARN] ModelIntegratedComponent:60 - No mode defined for component null
2022-09-12 08:29:00,825 [WARN] ModelIntegratedComponent:60 - No mode defined for component null
2022-09-12 08:29:00,826 [WARN] ModelIntegratedComponent:60 - No mode defined for component null
2022-09-12 08:29:00,826 [WARN] ModelIntegratedComponent:60 - No mode defined for component null
2022-09-12 08:29:00,827 [WARN] ApiManager:304 - Cannot register API 'Board Extension:NFC07A1' from pack STMicroelectronics.X-CUBE-NFC7.1.0.0: no header file found
2022-09-12 08:29:01,023 [WARN] ApiManager:304 - Cannot register API 'Board Extension:IKS01A3' from pack STMicroelectronics.X-CUBE-MEMS1.9.3.0: no header file found
2022-09-12 08:29:01,024 [WARN] ApiManager:304 - Cannot register API 'Board Extension:IKS01A2' from pack STMicroelectronics.X-CUBE-MEMS1.9.3.0: no header file found
2022-09-12 08:29:01,024 [WARN] ApiManager:304 - Cannot register API 'Board Extension:IKS02A1' from pack STMicroelectronics.X-CUBE-MEMS1.9.3.0: no header file found
2022-09-12 08:29:01,032 [WARN] ApiManager:304 - Cannot register API 'Wireless:BlueNRG-MS' from pack STMicroelectronics.X-CUBE-BLE1.6.2.3: no header file found
2022-09-12 08:29:01,034 [INFO] RtosManager:484 - Registered RTOS mode: class=CMSIS, group=RTOS, mode=CMSIS_V1, owner=FREERTOS
2022-09-12 08:29:01,034 [INFO] RtosManager:484 - Registered RTOS mode: class=CMSIS, group=RTOS2, mode=CMSIS_V2, owner=FREERTOS
2022-09-12 08:29:01,034 [INFO] RtosManager:484 - Registered RTOS mode: class=RTOS, group=Core, mode=CMSIS_V1, owner=FREERTOS
2022-09-12 08:29:01,034 [INFO] RtosManager:484 - Registered RTOS mode: class=RTOS, group=Core, mode=CMSIS_V2, owner=FREERTOS
2022-09-12 08:29:01,034 [WARN] ModelIntegratedComponent:181 - Missing modes for component STMicroelectronics:FreeRTOS:0.0.1:STMicroelectronics:RTOS:FreeRTOS:Core:::10.2.0:
2022-09-12 08:29:01,038 [WARN] ApiManager:304 - Cannot register API 'Board Extension:S2868A1' from pack STMicroelectronics.X-CUBE-SUBG2.5.0.0: no header file found
2022-09-12 08:29:01,038 [WARN] ApiManager:304 - Cannot register API 'Board Extension:S2868A2' from pack STMicroelectronics.X-CUBE-SUBG2.5.0.0: no header file found
2022-09-12 08:29:01,038 [WARN] ApiManager:304 - Cannot register API 'Board Extension:S2915A1' from pack STMicroelectronics.X-CUBE-SUBG2.5.0.0: no header file found
2022-09-12 08:29:01,041 [WARN] ApiManager:304 - Cannot register API 'Board Extension:EEPRMA1' from pack STMicroelectronics.X-CUBE-EEPRMA1.3.1.1: no header file found
2022-09-12 08:29:01,041 [WARN] ApiManager:304 - Cannot register API 'Board Extension:EEPRMA2' from pack STMicroelectronics.X-CUBE-EEPRMA1.3.1.1: no header file found
2022-09-12 08:29:01,042 [WARN] ApiManager:304 - Cannot register API 'Board Extension:S2868A1' from pack STMicroelectronics.X-CUBE-SFXS2LP1.4.0.0: no header file found
2022-09-12 08:29:01,042 [WARN] ApiManager:304 - Cannot register API 'Board Extension:S2868A2' from pack STMicroelectronics.X-CUBE-SFXS2LP1.4.0.0: no header file found
2022-09-12 08:29:01,042 [WARN] ApiManager:304 - Cannot register API 'Board Extension:S2915A1' from pack STMicroelectronics.X-CUBE-SFXS2LP1.4.0.0: no header file found
2022-09-12 08:29:01,042 [WARN] ApiManager:304 - Cannot register API 'Wireless:BlueNRG-2' from pack STMicroelectronics.X-CUBE-BLE2.3.3.0: no header file found
2022-09-12 08:29:01,043 [WARN] ApiManager:304 - Cannot register API 'Board Extension:NFC04A1' from pack STMicroelectronics.X-CUBE-NFC4.2.0.4: no header file found
2022-09-12 08:29:02,251 [INFO] UtilMem:74 - End LoadConfig() Used Memory: 608168144 Bytes (719323136)
2022-09-12 08:29:02,252 [WARN] ThirdParty:779 - waiting for thirdparty lock release [change project]
2022-09-12 08:29:02,252 [INFO] ThirdParty:781 - entering critical section [change project]
2022-09-12 08:29:02,252 [INFO] ThirdParty:967 - CMSIS Pack Vendor :RoweBots I-CUBE-UNISONRTOS 5.5.0-4
2022-09-12 08:29:02,253 [INFO] ThirdParty:967 - CMSIS Pack Vendor :STMicroelectronics X-CUBE-GNSS1 6.0.0
2022-09-12 08:29:02,253 [INFO] ThirdParty:967 - CMSIS Pack Vendor :STMicroelectronics X-CUBE-AZRTOS-H7 2.1.0
2022-09-12 08:29:02,253 [INFO] ThirdParty:967 - CMSIS Pack Vendor :STMicroelectronics USB_HOST 2.0.0
2022-09-12 08:29:02,253 [INFO] ThirdParty:967 - CMSIS Pack Vendor :STMicroelectronics X-CUBE-AZRTOS-F4 1.1.0
2022-09-12 08:29:02,253 [INFO] ThirdParty:967 - CMSIS Pack Vendor :STMicroelectronics X-CUBE-AZRTOS-G4 1.0.0
2022-09-12 08:29:02,253 [INFO] ThirdParty:967 - CMSIS Pack Vendor :STMicroelectronics X-CUBE-AZRTOS-L4 1.0.0
2022-09-12 08:29:02,253 [INFO] ThirdParty:967 - CMSIS Pack Vendor :STMicroelectronics USB_DEVICE 3.0.0
2022-09-12 08:29:02,253 [INFO] ThirdParty:967 - CMSIS Pack Vendor :wolfSSL I-CUBE-wolfSSL 5.5.0
2022-09-12 08:29:02,253 [INFO] ThirdParty:967 - CMSIS Pack Vendor :STMicroelectronics HAL Drivers 0.0.0
2022-09-12 08:29:02,253 [INFO] ThirdParty:967 - CMSIS Pack Vendor :STMicroelectronics MBEDTLS 2.16.2
2022-09-12 08:29:02,253 [INFO] ThirdParty:967 - CMSIS Pack Vendor :emotas I-CUBE-CANOPEN 1.1.2
2022-09-12 08:29:02,253 [INFO] ThirdParty:967 - CMSIS Pack Vendor :STMicroelectronics X-CUBE-TOUCHGFX 4.20.0
2022-09-12 08:29:02,253 [INFO] ThirdParty:967 - CMSIS Pack Vendor :STMicroelectronics MBEDTLS 2.14.1
2022-09-12 08:29:02,253 [INFO] ThirdParty:967 - CMSIS Pack Vendor :STMicroelectronics X-CUBE-NFC7 1.0.0
2022-09-12 08:29:02,253 [INFO] ThirdParty:967 - CMSIS Pack Vendor :STMicroelectronics X-CUBE-BLEMGR 1.0.0
2022-09-12 08:29:02,253 [INFO] ThirdParty:967 - CMSIS Pack Vendor :STMicroelectronics X-CUBE-AZRTOS-WL 1.0.0
2022-09-12 08:29:02,253 [INFO] ThirdParty:967 - CMSIS Pack Vendor :STMicroelectronics X-CUBE-AZRTOS-F7 1.1.0
2022-09-12 08:29:02,253 [INFO] ThirdParty:967 - CMSIS Pack Vendor :STMicroelectronics X-CUBE-MEMS1 9.3.0
2022-09-12 08:29:02,253 [INFO] ThirdParty:967 - CMSIS Pack Vendor :portGmbH I-Cube-SoM-uGOAL 1.1.0
2022-09-12 08:29:02,253 [INFO] ThirdParty:967 - CMSIS Pack Vendor :STMicroelectronics X-CUBE-ALS 1.0.1
2022-09-12 08:29:02,253 [INFO] ThirdParty:967 - CMSIS Pack Vendor :STMicroelectronics USB_DEVICE 2.0.0
2022-09-12 08:29:02,254 [INFO] ThirdParty:967 - CMSIS Pack Vendor :STMicroelectronics X-CUBE-AI 7.2.0
2022-09-12 08:29:02,254 [INFO] ThirdParty:967 - CMSIS Pack Vendor :STMicroelectronics X-CUBE-BLE1 6.2.3
2022-09-12 08:29:02,254 [INFO] ThirdParty:967 - CMSIS Pack Vendor :STMicroelectronics X-CUBE-ALGOBUILD 1.3.0
2022-09-12 08:29:02,254 [INFO] ThirdParty:967 - CMSIS Pack Vendor :STMicroelectronics X-CUBE-AZRTOS-L5 1.0.0
2022-09-12 08:29:02,254 [INFO] ThirdParty:967 - CMSIS Pack Vendor :STMicroelectronics FreeRTOS 0.0.1
2022-09-12 08:29:02,254 [INFO] ThirdParty:967 - CMSIS Pack Vendor :STMicroelectronics X-CUBE-AZRTOS-G0 1.1.0
2022-09-12 08:29:02,254 [INFO] ThirdParty:967 - CMSIS Pack Vendor :STMicroelectronics USB_DEVICE 1.0.0
2022-09-12 08:29:02,254 [INFO] ThirdParty:967 - CMSIS Pack Vendor :STMicroelectronics X-CUBE-SUBG2 5.0.0
2022-09-12 08:29:02,254 [INFO] ThirdParty:967 - CMSIS Pack Vendor :SEGGER I-CUBE-embOS 1.2.0
2022-09-12 08:29:02,254 [INFO] ThirdParty:967 - CMSIS Pack Vendor :STMicroelectronics X-CUBE-EEPRMA1 3.1.1
2022-09-12 08:29:02,254 [INFO] ThirdParty:967 - CMSIS Pack Vendor :STMicroelectronics ThreadX 0.0.2
2022-09-12 08:29:02,254 [INFO] ThirdParty:967 - CMSIS Pack Vendor :STMicroelectronics lwIP 2.0.3
2022-09-12 08:29:02,254 [INFO] ThirdParty:967 - CMSIS Pack Vendor :STMicroelectronics lwIP 2.1.2
2022-09-12 08:29:02,254 [INFO] ThirdParty:967 - CMSIS Pack Vendor :STMicroelectronics X-CUBE-SFXS2LP1 4.0.0
2022-09-12 08:29:02,254 [INFO] ThirdParty:967 - CMSIS Pack Vendor :STMicroelectronics X-CUBE-BLE2 3.3.0
2022-09-12 08:29:02,254 [INFO] ThirdParty:967 - CMSIS Pack Vendor :STMicroelectronics X-CUBE-NFC4 2.0.4
2022-09-12 08:29:02,254 [INFO] ThirdParty:967 - CMSIS Pack Vendor :STMicroelectronics USB_HOST 1.0.0
2022-09-12 08:29:02,254 [INFO] ThirdParty:967 - CMSIS Pack Vendor :STMicroelectronics X-CUBE-DISPLAY 2.2.0
2022-09-12 08:29:02,254 [INFO] ThirdParty:967 - CMSIS Pack Vendor :STMicroelectronics PDM2PCM 3.1.0
2022-09-12 08:29:02,254 [INFO] ThirdParty:967 - CMSIS Pack Vendor :STMicroelectronics FP-ATR-ASTRA1 1.1.1
2022-09-12 08:29:02,255 [INFO] ThirdParty:967 - CMSIS Pack Vendor :STMicroelectronics PDM2PCM 3.2.0
2022-09-12 08:29:02,255 [INFO] ThirdParty:967 - CMSIS Pack Vendor :STMicroelectronics PDM2PCM 3.3.0
2022-09-12 08:29:02,255 [INFO] ThirdParty:967 - CMSIS Pack Vendor :STMicroelectronics X-CUBE-TOF1 3.1.0
2022-09-12 08:29:02,255 [INFO] ThirdParty:967 - CMSIS Pack Vendor :STMicroelectronics X-CUBE-ISPU 1.0.0
2022-09-12 08:29:02,255 [INFO] ThirdParty:787 - exiting critical section [change project]
2022-09-12 08:29:02,418 [INFO] PinOutPanel:1463 - setPackage(No Configuration,No Configuration)
2022-09-12 08:29:02,419 [INFO] PinOutPanel:1463 - setPackage(STM32F103C6Ux,UFQFPN48)
2022-09-12 08:29:02,781 [INFO] UtilMem:74 - Before build in PCC Used Memory: 629211768 Bytes (719323136)
2022-09-12 08:29:03,259 [INFO] UtilMem:74 - After build in PCC Used Memory: 635214672 Bytes (719323136)
2022-09-12 08:29:03,291 [INFO] IPUIPlugin:74 - create IPUIPlugin
2022-09-12 08:29:03,291 [INFO] IPUIPlugin:74 - create IPUIPlugin
2022-09-12 08:29:03,292 [INFO] IPUIPlugin:74 - create IPUIPlugin
2022-09-12 08:29:03,292 [INFO] IPUIPlugin:74 - create IPUIPlugin
2022-09-12 08:29:03,292 [INFO] IPUIPlugin:74 - create IPUIPlugin
2022-09-12 08:29:03,292 [INFO] IPUIPlugin:74 - create IPUIPlugin
2022-09-12 08:29:03,292 [INFO] IPUIPlugin:74 - create IPUIPlugin
2022-09-12 08:29:03,292 [INFO] IPUIPlugin:74 - create IPUIPlugin
2022-09-12 08:29:03,293 [INFO] IPUIPlugin:74 - create IPUIPlugin
2022-09-12 08:29:03,293 [INFO] IPUIPlugin:74 - create IPUIPlugin
2022-09-12 08:29:03,293 [INFO] IPUIPlugin:74 - create IPUIPlugin
2022-09-12 08:29:03,294 [INFO] IPUIPlugin:74 - create IPUIPlugin
2022-09-12 08:29:03,294 [INFO] IPUIPlugin:74 - create IPUIPlugin
2022-09-12 08:29:03,294 [INFO] IPUIPlugin:74 - create IPUIPlugin
2022-09-12 08:29:03,295 [INFO] IPUIPlugin:74 - create IPUIPlugin
2022-09-12 08:29:03,295 [INFO] IPUIPlugin:74 - create IPUIPlugin
2022-09-12 08:29:03,295 [INFO] IPUIPlugin:74 - create IPUIPlugin
2022-09-12 08:29:03,296 [INFO] IPUIPlugin:74 - create IPUIPlugin
2022-09-12 08:29:03,296 [INFO] IPUIPlugin:74 - create IPUIPlugin
2022-09-12 08:29:03,296 [INFO] IPUIPlugin:74 - create IPUIPlugin
2022-09-12 08:29:03,297 [INFO] IPUIPlugin:74 - create IPUIPlugin
2022-09-12 08:29:03,297 [INFO] IPUIPlugin:74 - create IPUIPlugin
2022-09-12 08:29:03,297 [INFO] IPUIPlugin:74 - create IPUIPlugin
2022-09-12 08:29:03,388 [INFO] OpenFileManager:333 - Restore cursor
2022-09-12 08:29:03,622 [INFO] UtilMem:74 - End SaveConfig() Used Memory: 633287576 Bytes (719323136)
2022-09-12 08:29:03,705 [INFO] UtilMem:74 - End SaveConfig() Used Memory: 581343240 Bytes (719323136)
2022-09-12 08:29:04,150 [INFO] BlockDiagram:2740 - set Specific Code input for plugin: NVIC
2022-09-12 08:29:04,150 [INFO] BlockDiagram:2740 - set Specific Code input for plugin: SYS
2022-09-12 08:29:04,150 [INFO] BlockDiagram:2740 - set Specific Code input for plugin: RCC
2022-09-12 08:29:04,150 [INFO] CodeGenerator:663 - code generatio: config db path: D:\Apps\STM32CubeIDE_1.7.0\STM32CubeIDE\plugins\com.st.stm32cube.common.mx_6.3.0.202107141111\\db\
2022-09-12 08:29:04,418 [INFO] CodeEngine:239 - oldGeneratedFile, D:\MCU\Microcontroller-Lab-1\Lab1\MXTmpFiles\license.tmp_save
2022-09-12 08:29:04,722 [INFO] CodeEngine:257 - Generated code: D:\MCU\Microcontroller-Lab-1\Lab1\MXTmpFiles\license.tmp
2022-09-12 08:29:04,805 [INFO] CodeEngine:239 - oldGeneratedFile, D:\MCU\Microcontroller-Lab-1\Lab1\Core\Src\stm32f1xx_it.c_save
2022-09-12 08:29:04,903 [INFO] CodeEngine:257 - Generated code: D:\MCU\Microcontroller-Lab-1\Lab1\Core\Src\stm32f1xx_it.c
2022-09-12 08:29:04,904 [INFO] CodeEngine:239 - oldGeneratedFile, D:\MCU\Microcontroller-Lab-1\Lab1\Core\Inc\stm32f1xx_it.h_save
2022-09-12 08:29:04,989 [INFO] CodeEngine:257 - Generated code: D:\MCU\Microcontroller-Lab-1\Lab1\Core\Inc\stm32f1xx_it.h
2022-09-12 08:29:04,995 [INFO] CodeEngine:239 - oldGeneratedFile, D:\MCU\Microcontroller-Lab-1\Lab1\Core\Src\stm32f1xx_hal_msp.c_save
2022-09-12 08:29:05,088 [INFO] CodeEngine:257 - Generated code: D:\MCU\Microcontroller-Lab-1\Lab1\Core\Src\stm32f1xx_hal_msp.c
2022-09-12 08:29:05,090 [INFO] CodeEngine:239 - oldGeneratedFile, D:\MCU\Microcontroller-Lab-1\Lab1\MXTmpFiles\system.tmp_save
2022-09-12 08:29:05,159 [INFO] CodeEngine:257 - Generated code: D:\MCU\Microcontroller-Lab-1\Lab1\MXTmpFiles\system.tmp
2022-09-12 08:29:05,252 [INFO] CodeEngine:239 - oldGeneratedFile, D:\MCU\Microcontroller-Lab-1\Lab1\Core\Inc\stm32f1xx_hal_conf.h_save
2022-09-12 08:29:05,324 [INFO] CodeEngine:257 - Generated code: D:\MCU\Microcontroller-Lab-1\Lab1\Core\Inc\stm32f1xx_hal_conf.h
2022-09-12 08:29:05,376 [INFO] CodeEngine:239 - oldGeneratedFile, D:\MCU\Microcontroller-Lab-1\Lab1\Core\Inc\main.h_save
2022-09-12 08:29:05,457 [INFO] CodeEngine:257 - Generated code: D:\MCU\Microcontroller-Lab-1\Lab1\Core\Inc\main.h
2022-09-12 08:29:05,460 [INFO] CodeEngine:239 - oldGeneratedFile, D:\MCU\Microcontroller-Lab-1\Lab1\Core\Src\main.c_save
2022-09-12 08:29:05,567 [INFO] CodeEngine:257 - Generated code: D:\MCU\Microcontroller-Lab-1\Lab1\Core\Src\main.c
2022-09-12 08:29:06,471 [INFO] ProjectBuilder:2578 - Time for Copy HAL[1] : 191mS.
2022-09-12 08:29:06,481 [INFO] ProjectBuilder:3622 - Project Generator version: 3.14.1
2022-09-12 08:29:07,513 [INFO] ConfigFileManager:1271 - The Die is : DIE412
2022-09-12 08:29:07,538 [INFO] ApiDbMcu:468 - Load IP Config File for FATFS
2022-09-12 08:29:07,608 [INFO] ApiDbMcu:468 - Load IP Config File for FREERTOS
2022-09-12 08:29:07,681 [INFO] ApiDbMcu:468 - Load IP Config File for USB_DEVICE
2022-09-12 08:29:12,734 [INFO] ProjectBuilder:3789 - Time for Generating toolchain IDE Files: 6253mS.
2022-09-12 08:29:12,734 [INFO] ProjectBuilder:2457 - Time for Copy CMSIS : 0mS.
2022-09-12 08:29:12,735 [INFO] ProjectBuilder:2457 - Time for Copy CMSIS : 0mS.
2022-09-12 08:29:13,537 [INFO] McuFinderGlobals:52 - Set McuFinderConnectedMode to true
2022-09-12 08:29:13,539 [INFO] ApiDb:276 - Save user favorites file C:\Users\lephu/.stm32cubeide/favorites.mcus.txt: 0 item(s)
2022-09-12 08:29:13,539 [INFO] ApiDb:280 - User favorites MCUs=[]
2022-09-12 08:31:10,914 [INFO] UtilMem:74 - End SaveConfig() Used Memory: 663745048 Bytes (948961280)
2022-09-12 08:31:14,289 [INFO] UtilMem:74 - End SaveConfig() Used Memory: 680687168 Bytes (948961280)
2022-09-12 08:31:18,202 [INFO] UtilMem:74 - End SaveConfig() Used Memory: 755509792 Bytes (948961280)
2022-09-12 08:31:18,547 [INFO] BlockDiagram:2740 - set Specific Code input for plugin: NVIC
2022-09-12 08:31:18,547 [INFO] BlockDiagram:2740 - set Specific Code input for plugin: SYS
2022-09-12 08:31:18,547 [INFO] BlockDiagram:2740 - set Specific Code input for plugin: GPIO
2022-09-12 08:31:18,547 [INFO] BlockDiagram:2740 - set Specific Code input for plugin: RCC
2022-09-12 08:31:18,548 [INFO] CodeGenerator:663 - code generatio: config db path: D:\Apps\STM32CubeIDE_1.7.0\STM32CubeIDE\plugins\com.st.stm32cube.common.mx_6.3.0.202107141111\\db\
2022-09-12 08:31:18,751 [INFO] CodeEngine:239 - oldGeneratedFile, D:\MCU\Microcontroller-Lab-1\Lab1\MXTmpFiles\license.tmp_save
2022-09-12 08:31:18,832 [INFO] CodeEngine:257 - Generated code: D:\MCU\Microcontroller-Lab-1\Lab1\MXTmpFiles\license.tmp
2022-09-12 08:31:18,865 [INFO] CodeEngine:239 - oldGeneratedFile, D:\MCU\Microcontroller-Lab-1\Lab1\MXTmpFiles\gpio.tmp_save
2022-09-12 08:31:18,915 [INFO] CodeEngine:257 - Generated code: D:\MCU\Microcontroller-Lab-1\Lab1\MXTmpFiles\gpio.tmp
2022-09-12 08:31:18,930 [INFO] CodeEngine:239 - oldGeneratedFile, D:\MCU\Microcontroller-Lab-1\Lab1\Core\Src\stm32f1xx_it.c_save
2022-09-12 08:31:18,992 [INFO] CodeEngine:257 - Generated code: D:\MCU\Microcontroller-Lab-1\Lab1\Core\Src\stm32f1xx_it.c
2022-09-12 08:31:18,994 [INFO] CodeEngine:239 - oldGeneratedFile, D:\MCU\Microcontroller-Lab-1\Lab1\Core\Inc\stm32f1xx_it.h_save
2022-09-12 08:31:19,038 [INFO] CodeEngine:257 - Generated code: D:\MCU\Microcontroller-Lab-1\Lab1\Core\Inc\stm32f1xx_it.h
2022-09-12 08:31:19,046 [INFO] CodeEngine:239 - oldGeneratedFile, D:\MCU\Microcontroller-Lab-1\Lab1\Core\Src\stm32f1xx_hal_msp.c_save
2022-09-12 08:31:19,113 [INFO] CodeEngine:257 - Generated code: D:\MCU\Microcontroller-Lab-1\Lab1\Core\Src\stm32f1xx_hal_msp.c
2022-09-12 08:31:19,115 [INFO] CodeEngine:239 - oldGeneratedFile, D:\MCU\Microcontroller-Lab-1\Lab1\MXTmpFiles\system.tmp_save
2022-09-12 08:31:19,176 [INFO] CodeEngine:257 - Generated code: D:\MCU\Microcontroller-Lab-1\Lab1\MXTmpFiles\system.tmp
2022-09-12 08:31:19,183 [INFO] CodeEngine:239 - oldGeneratedFile, D:\MCU\Microcontroller-Lab-1\Lab1\Core\Inc\stm32f1xx_hal_conf.h_save
2022-09-12 08:31:19,244 [INFO] CodeEngine:257 - Generated code: D:\MCU\Microcontroller-Lab-1\Lab1\Core\Inc\stm32f1xx_hal_conf.h
2022-09-12 08:31:19,261 [INFO] CodeEngine:239 - oldGeneratedFile, D:\MCU\Microcontroller-Lab-1\Lab1\Core\Inc\main.h_save
2022-09-12 08:31:19,318 [INFO] CodeEngine:257 - Generated code: D:\MCU\Microcontroller-Lab-1\Lab1\Core\Inc\main.h
2022-09-12 08:31:19,324 [INFO] CodeEngine:239 - oldGeneratedFile, D:\MCU\Microcontroller-Lab-1\Lab1\Core\Src\main.c_save
2022-09-12 08:31:19,419 [INFO] CodeEngine:257 - Generated code: D:\MCU\Microcontroller-Lab-1\Lab1\Core\Src\main.c
2022-09-12 08:31:20,102 [INFO] ProjectBuilder:2578 - Time for Copy HAL[1] : 84mS.
2022-09-12 08:31:20,104 [INFO] ProjectBuilder:3622 - Project Generator version: 3.14.1
2022-09-12 08:31:20,493 [INFO] ConfigFileManager:1271 - The Die is : DIE412
2022-09-12 08:31:21,848 [INFO] ProjectBuilder:3789 - Time for Generating toolchain IDE Files: 1744mS.
2022-09-12 08:31:21,848 [INFO] ProjectBuilder:2457 - Time for Copy CMSIS : 0mS.
2022-09-12 08:31:21,849 [INFO] ProjectBuilder:2457 - Time for Copy CMSIS : 0mS.
2022-09-12 09:13:23,226 [INFO] UtilMem:74 - End SaveConfig() Used Memory: 636632896 Bytes (1019215872)
2022-09-12 09:13:23,276 [INFO] UtilMem:74 - End SaveConfig() Used Memory: 650070808 Bytes (1019215872)
2022-09-12 09:13:23,654 [INFO] UtilMem:74 - End SaveConfig() Used Memory: 722444776 Bytes (1019215872)
2022-09-12 09:13:24,002 [INFO] BlockDiagram:2740 - set Specific Code input for plugin: NVIC
2022-09-12 09:13:24,002 [INFO] BlockDiagram:2740 - set Specific Code input for plugin: SYS
2022-09-12 09:13:24,002 [INFO] BlockDiagram:2740 - set Specific Code input for plugin: GPIO
2022-09-12 09:13:24,002 [INFO] BlockDiagram:2740 - set Specific Code input for plugin: RCC
2022-09-12 09:13:24,003 [INFO] CodeGenerator:663 - code generatio: config db path: D:\Apps\STM32CubeIDE_1.7.0\STM32CubeIDE\plugins\com.st.stm32cube.common.mx_6.3.0.202107141111\\db\
2022-09-12 09:13:24,209 [INFO] CodeEngine:239 - oldGeneratedFile, D:\MCU\Microcontroller-Lab-1\Lab1\MXTmpFiles\license.tmp_save
2022-09-12 09:13:24,249 [INFO] CodeEngine:257 - Generated code: D:\MCU\Microcontroller-Lab-1\Lab1\MXTmpFiles\license.tmp
2022-09-12 09:13:24,260 [INFO] CodeEngine:239 - oldGeneratedFile, D:\MCU\Microcontroller-Lab-1\Lab1\MXTmpFiles\gpio.tmp_save
2022-09-12 09:13:24,312 [INFO] CodeEngine:257 - Generated code: D:\MCU\Microcontroller-Lab-1\Lab1\MXTmpFiles\gpio.tmp
2022-09-12 09:13:24,330 [INFO] CodeEngine:239 - oldGeneratedFile, D:\MCU\Microcontroller-Lab-1\Lab1\Core\Src\stm32f1xx_it.c_save
2022-09-12 09:13:24,397 [INFO] CodeEngine:257 - Generated code: D:\MCU\Microcontroller-Lab-1\Lab1\Core\Src\stm32f1xx_it.c
2022-09-12 09:13:24,403 [INFO] CodeEngine:239 - oldGeneratedFile, D:\MCU\Microcontroller-Lab-1\Lab1\Core\Inc\stm32f1xx_it.h_save
2022-09-12 09:13:24,489 [INFO] CodeEngine:257 - Generated code: D:\MCU\Microcontroller-Lab-1\Lab1\Core\Inc\stm32f1xx_it.h
2022-09-12 09:13:24,498 [INFO] CodeEngine:239 - oldGeneratedFile, D:\MCU\Microcontroller-Lab-1\Lab1\Core\Src\stm32f1xx_hal_msp.c_save
2022-09-12 09:13:24,565 [INFO] CodeEngine:257 - Generated code: D:\MCU\Microcontroller-Lab-1\Lab1\Core\Src\stm32f1xx_hal_msp.c
2022-09-12 09:13:24,566 [INFO] CodeEngine:239 - oldGeneratedFile, D:\MCU\Microcontroller-Lab-1\Lab1\MXTmpFiles\system.tmp_save
2022-09-12 09:13:24,610 [INFO] CodeEngine:257 - Generated code: D:\MCU\Microcontroller-Lab-1\Lab1\MXTmpFiles\system.tmp
2022-09-12 09:13:24,618 [INFO] CodeEngine:239 - oldGeneratedFile, D:\MCU\Microcontroller-Lab-1\Lab1\Core\Inc\stm32f1xx_hal_conf.h_save
2022-09-12 09:13:24,678 [INFO] CodeEngine:257 - Generated code: D:\MCU\Microcontroller-Lab-1\Lab1\Core\Inc\stm32f1xx_hal_conf.h
2022-09-12 09:13:24,697 [INFO] CodeEngine:239 - oldGeneratedFile, D:\MCU\Microcontroller-Lab-1\Lab1\Core\Inc\main.h_save
2022-09-12 09:13:24,753 [INFO] CodeEngine:257 - Generated code: D:\MCU\Microcontroller-Lab-1\Lab1\Core\Inc\main.h
2022-09-12 09:13:24,761 [INFO] CodeEngine:239 - oldGeneratedFile, D:\MCU\Microcontroller-Lab-1\Lab1\Core\Src\main.c_save
2022-09-12 09:13:24,839 [INFO] CodeEngine:257 - Generated code: D:\MCU\Microcontroller-Lab-1\Lab1\Core\Src\main.c
2022-09-12 09:13:25,594 [INFO] ProjectBuilder:2578 - Time for Copy HAL[1] : 119mS.
2022-09-12 09:13:25,596 [INFO] ProjectBuilder:3622 - Project Generator version: 3.14.1
2022-09-12 09:13:26,060 [INFO] ConfigFileManager:1271 - The Die is : DIE412
2022-09-12 09:13:27,517 [INFO] ProjectBuilder:3789 - Time for Generating toolchain IDE Files: 1921mS.
2022-09-12 09:13:27,517 [INFO] ProjectBuilder:2457 - Time for Copy CMSIS : 0mS.
2022-09-12 09:13:27,518 [INFO] ProjectBuilder:2457 - Time for Copy CMSIS : 0mS.
2022-09-12 10:21:25,853 [INFO] Pin:2088 - value.trim() 1
2022-09-12 10:21:25,855 [INFO] Pin:2089 - Pin value PA5
2022-09-12 10:21:28,044 [INFO] Pin:2088 - value.trim() 1
2022-09-12 10:21:28,044 [INFO] Pin:2089 - Pin value PA5
2022-09-12 10:22:50,227 [INFO] UtilMem:74 - End SaveConfig() Used Memory: 872851992 Bytes (1042284544)
2022-09-12 10:22:50,295 [INFO] UtilMem:74 - End SaveConfig() Used Memory: 884830808 Bytes (1042284544)
2022-09-12 10:22:50,782 [INFO] UtilMem:74 - End SaveConfig() Used Memory: 669867128 Bytes (1042284544)
2022-09-12 10:22:51,131 [INFO] BlockDiagram:2740 - set Specific Code input for plugin: NVIC
2022-09-12 10:22:51,132 [INFO] BlockDiagram:2740 - set Specific Code input for plugin: SYS
2022-09-12 10:22:51,132 [INFO] BlockDiagram:2740 - set Specific Code input for plugin: GPIO
2022-09-12 10:22:51,132 [INFO] BlockDiagram:2740 - set Specific Code input for plugin: RCC
2022-09-12 10:22:51,132 [INFO] CodeGenerator:663 - code generatio: config db path: D:\Apps\STM32CubeIDE_1.7.0\STM32CubeIDE\plugins\com.st.stm32cube.common.mx_6.3.0.202107141111\\db\
2022-09-12 10:22:51,384 [INFO] CodeEngine:239 - oldGeneratedFile, D:\MCU\Microcontroller-Lab-1\Lab1\MXTmpFiles\license.tmp_save
2022-09-12 10:22:51,433 [INFO] CodeEngine:257 - Generated code: D:\MCU\Microcontroller-Lab-1\Lab1\MXTmpFiles\license.tmp
2022-09-12 10:22:51,448 [INFO] CodeEngine:239 - oldGeneratedFile, D:\MCU\Microcontroller-Lab-1\Lab1\MXTmpFiles\gpio.tmp_save
2022-09-12 10:22:51,496 [INFO] CodeEngine:257 - Generated code: D:\MCU\Microcontroller-Lab-1\Lab1\MXTmpFiles\gpio.tmp
2022-09-12 10:22:51,563 [INFO] CodeEngine:239 - oldGeneratedFile, D:\MCU\Microcontroller-Lab-1\Lab1\Core\Src\stm32f1xx_it.c_save
2022-09-12 10:22:51,654 [INFO] CodeEngine:257 - Generated code: D:\MCU\Microcontroller-Lab-1\Lab1\Core\Src\stm32f1xx_it.c
2022-09-12 10:22:51,660 [INFO] CodeEngine:239 - oldGeneratedFile, D:\MCU\Microcontroller-Lab-1\Lab1\Core\Inc\stm32f1xx_it.h_save
2022-09-12 10:22:51,706 [INFO] CodeEngine:257 - Generated code: D:\MCU\Microcontroller-Lab-1\Lab1\Core\Inc\stm32f1xx_it.h
2022-09-12 10:22:51,716 [INFO] CodeEngine:239 - oldGeneratedFile, D:\MCU\Microcontroller-Lab-1\Lab1\Core\Src\stm32f1xx_hal_msp.c_save
2022-09-12 10:22:51,782 [INFO] CodeEngine:257 - Generated code: D:\MCU\Microcontroller-Lab-1\Lab1\Core\Src\stm32f1xx_hal_msp.c
2022-09-12 10:22:51,785 [INFO] CodeEngine:239 - oldGeneratedFile, D:\MCU\Microcontroller-Lab-1\Lab1\MXTmpFiles\system.tmp_save
2022-09-12 10:22:51,826 [INFO] CodeEngine:257 - Generated code: D:\MCU\Microcontroller-Lab-1\Lab1\MXTmpFiles\system.tmp
2022-09-12 10:22:51,835 [INFO] CodeEngine:239 - oldGeneratedFile, D:\MCU\Microcontroller-Lab-1\Lab1\Core\Inc\stm32f1xx_hal_conf.h_save
2022-09-12 10:22:51,898 [INFO] CodeEngine:257 - Generated code: D:\MCU\Microcontroller-Lab-1\Lab1\Core\Inc\stm32f1xx_hal_conf.h
2022-09-12 10:22:51,918 [INFO] CodeEngine:239 - oldGeneratedFile, D:\MCU\Microcontroller-Lab-1\Lab1\Core\Inc\main.h_save
2022-09-12 10:22:51,976 [INFO] CodeEngine:257 - Generated code: D:\MCU\Microcontroller-Lab-1\Lab1\Core\Inc\main.h
2022-09-12 10:22:51,984 [INFO] CodeEngine:239 - oldGeneratedFile, D:\MCU\Microcontroller-Lab-1\Lab1\Core\Src\main.c_save
2022-09-12 10:22:52,068 [INFO] CodeEngine:257 - Generated code: D:\MCU\Microcontroller-Lab-1\Lab1\Core\Src\main.c
2022-09-12 10:22:52,816 [INFO] ProjectBuilder:2578 - Time for Copy HAL[1] : 129mS.
2022-09-12 10:22:52,859 [INFO] ProjectBuilder:3622 - Project Generator version: 3.14.1
2022-09-12 10:22:53,251 [INFO] ConfigFileManager:1271 - The Die is : DIE412
2022-09-12 10:22:55,102 [INFO] ProjectBuilder:3789 - Time for Generating toolchain IDE Files: 2243mS.
2022-09-12 10:22:55,103 [INFO] ProjectBuilder:2457 - Time for Copy CMSIS : 0mS.
2022-09-12 10:22:55,104 [INFO] ProjectBuilder:2457 - Time for Copy CMSIS : 0mS.
2022-09-12 12:47:01,005 [INFO] UtilMem:74 - End SaveConfig() Used Memory: 911271696 Bytes (1053818880)
2022-09-12 12:47:01,060 [INFO] UtilMem:74 - End SaveConfig() Used Memory: 924002888 Bytes (1053818880)
2022-09-12 12:47:01,620 [INFO] UtilMem:74 - End SaveConfig() Used Memory: 687573448 Bytes (1053818880)
2022-09-12 12:47:01,959 [INFO] BlockDiagram:2740 - set Specific Code input for plugin: NVIC
2022-09-12 12:47:01,959 [INFO] BlockDiagram:2740 - set Specific Code input for plugin: SYS
2022-09-12 12:47:01,959 [INFO] BlockDiagram:2740 - set Specific Code input for plugin: GPIO
2022-09-12 12:47:01,959 [INFO] BlockDiagram:2740 - set Specific Code input for plugin: RCC
2022-09-12 12:47:01,959 [INFO] CodeGenerator:663 - code generatio: config db path: D:\Apps\STM32CubeIDE_1.7.0\STM32CubeIDE\plugins\com.st.stm32cube.common.mx_6.3.0.202107141111\\db\
2022-09-12 12:47:02,231 [INFO] CodeEngine:239 - oldGeneratedFile, D:\MCU\Microcontroller-Lab-1\Lab1\MXTmpFiles\license.tmp_save
2022-09-12 12:47:02,275 [INFO] CodeEngine:257 - Generated code: D:\MCU\Microcontroller-Lab-1\Lab1\MXTmpFiles\license.tmp
2022-09-12 12:47:02,297 [INFO] CodeEngine:239 - oldGeneratedFile, D:\MCU\Microcontroller-Lab-1\Lab1\MXTmpFiles\gpio.tmp_save
2022-09-12 12:47:02,344 [INFO] CodeEngine:257 - Generated code: D:\MCU\Microcontroller-Lab-1\Lab1\MXTmpFiles\gpio.tmp
2022-09-12 12:47:02,374 [INFO] CodeEngine:239 - oldGeneratedFile, D:\MCU\Microcontroller-Lab-1\Lab1\Core\Src\stm32f1xx_it.c_save
2022-09-12 12:47:02,436 [INFO] CodeEngine:257 - Generated code: D:\MCU\Microcontroller-Lab-1\Lab1\Core\Src\stm32f1xx_it.c
2022-09-12 12:47:02,442 [INFO] CodeEngine:239 - oldGeneratedFile, D:\MCU\Microcontroller-Lab-1\Lab1\Core\Inc\stm32f1xx_it.h_save
2022-09-12 12:47:02,488 [INFO] CodeEngine:257 - Generated code: D:\MCU\Microcontroller-Lab-1\Lab1\Core\Inc\stm32f1xx_it.h
2022-09-12 12:47:02,504 [INFO] CodeEngine:239 - oldGeneratedFile, D:\MCU\Microcontroller-Lab-1\Lab1\Core\Src\stm32f1xx_hal_msp.c_save
2022-09-12 12:47:02,637 [INFO] CodeEngine:257 - Generated code: D:\MCU\Microcontroller-Lab-1\Lab1\Core\Src\stm32f1xx_hal_msp.c
2022-09-12 12:47:02,643 [INFO] CodeEngine:239 - oldGeneratedFile, D:\MCU\Microcontroller-Lab-1\Lab1\MXTmpFiles\system.tmp_save
2022-09-12 12:47:02,721 [INFO] CodeEngine:257 - Generated code: D:\MCU\Microcontroller-Lab-1\Lab1\MXTmpFiles\system.tmp
2022-09-12 12:47:02,734 [INFO] CodeEngine:239 - oldGeneratedFile, D:\MCU\Microcontroller-Lab-1\Lab1\Core\Inc\stm32f1xx_hal_conf.h_save
2022-09-12 12:47:02,796 [INFO] CodeEngine:257 - Generated code: D:\MCU\Microcontroller-Lab-1\Lab1\Core\Inc\stm32f1xx_hal_conf.h
2022-09-12 12:47:02,819 [INFO] CodeEngine:239 - oldGeneratedFile, D:\MCU\Microcontroller-Lab-1\Lab1\Core\Inc\main.h_save
2022-09-12 12:47:02,874 [INFO] CodeEngine:257 - Generated code: D:\MCU\Microcontroller-Lab-1\Lab1\Core\Inc\main.h
2022-09-12 12:47:02,888 [INFO] CodeEngine:239 - oldGeneratedFile, D:\MCU\Microcontroller-Lab-1\Lab1\Core\Src\main.c_save
2022-09-12 12:47:02,968 [INFO] CodeEngine:257 - Generated code: D:\MCU\Microcontroller-Lab-1\Lab1\Core\Src\main.c
2022-09-12 12:47:03,754 [INFO] ProjectBuilder:2578 - Time for Copy HAL[1] : 137mS.
2022-09-12 12:47:03,756 [INFO] ProjectBuilder:3622 - Project Generator version: 3.14.1
2022-09-12 12:47:04,295 [INFO] ConfigFileManager:1271 - The Die is : DIE412
2022-09-12 12:47:05,701 [INFO] ProjectBuilder:3789 - Time for Generating toolchain IDE Files: 1945mS.
2022-09-12 12:47:05,702 [INFO] ProjectBuilder:2457 - Time for Copy CMSIS : 1mS.
2022-09-12 12:47:05,703 [INFO] ProjectBuilder:2457 - Time for Copy CMSIS : 0mS.
